[2020-08-17 06:12:58] production.ERROR: Error: Call to undefined function get_call_stack() in /home/gudk/phpprj/lswoole/tests/TestLSwooleServiceProvider.php:41
Stack trace:
#0 [internal function]: TestLSwooleServiceProvider->{closure}()
#1 /home/gudk/phpprj/lswoole/vendor/illuminate/container/BoundMethod.php(37): call_user_func_array()
#2 /home/gudk/phpprj/lswoole/vendor/illuminate/container/Util.php(37): Illuminate\Container\BoundMethod::Illuminate\Container\{closure}()
#3 /home/gudk/phpprj/lswoole/vendor/illuminate/container/BoundMethod.php(83): Illuminate\Container\Util::unwrapIfClosure()
#4 /home/gudk/phpprj/lswoole/vendor/illuminate/container/BoundMethod.php(39): Illuminate\Container\BoundMethod::callBoundMethod()
#5 /home/gudk/phpprj/lswoole/vendor/illuminate/container/Container.php(596): Illuminate\Container\BoundMethod::call()
#6 /home/gudk/phpprj/lswoole/vendor/laravel/lumen-framework/src/Concerns/RoutesRequests.php(299): Illuminate\Container\Container->call()
#7 /home/gudk/phpprj/lswoole/vendor/laravel/lumen-framework/src/Concerns/RoutesRequests.php(264): Laravel\Lumen\Application->callActionOnArrayBasedRoute()
#8 /home/gudk/phpprj/lswoole/vendor/laravel/lumen-framework/src/Concerns/RoutesRequests.php(166): Laravel\Lumen\Application->handleFoundRoute()
#9 /home/gudk/phpprj/lswoole/vendor/laravel/lumen-framework/src/Concerns/RoutesRequests.php(426): Laravel\Lumen\Application->Laravel\Lumen\Concerns\{closure}()
#10 /home/gudk/phpprj/lswoole/vendor/laravel/lumen-framework/src/Concerns/RoutesRequests.php(172): Laravel\Lumen\Application->sendThroughPipeline()
#11 /home/gudk/phpprj/lswoole/vendor/laravel/lumen-framework/src/Concerns/RoutesRequests.php(92): Laravel\Lumen\Application->dispatch()
#12 /home/gudk/phpprj/lswoole/src/LSwooleServer.php(96): Laravel\Lumen\Application->handle()
#13 {main} {"exception":"[object] (Error(code: 0): Call to undefined function get_call_stack() at /home/gudk/phpprj/lswoole/tests/TestLSwooleServiceProvider.php:41)
[stacktrace]
#0 [internal function]: TestLSwooleServiceProvider->{closure}()
#1 /home/gudk/phpprj/lswoole/vendor/illuminate/container/BoundMethod.php(37): call_user_func_array()
#2 /home/gudk/phpprj/lswoole/vendor/illuminate/container/Util.php(37): Illuminate\\Container\\BoundMethod::Illuminate\\Container\\{closure}()
#3 /home/gudk/phpprj/lswoole/vendor/illuminate/container/BoundMethod.php(83): Illuminate\\Container\\Util::unwrapIfClosure()
#4 /home/gudk/phpprj/lswoole/vendor/illuminate/container/BoundMethod.php(39): Illuminate\\Container\\BoundMethod::callBoundMethod()
#5 /home/gudk/phpprj/lswoole/vendor/illuminate/container/Container.php(596): Illuminate\\Container\\BoundMethod::call()
#6 /home/gudk/phpprj/lswoole/vendor/laravel/lumen-framework/src/Concerns/RoutesRequests.php(299): Illuminate\\Container\\Container->call()
#7 /home/gudk/phpprj/lswoole/vendor/laravel/lumen-framework/src/Concerns/RoutesRequests.php(264): Laravel\\Lumen\\Application->callActionOnArrayBasedRoute()
#8 /home/gudk/phpprj/lswoole/vendor/laravel/lumen-framework/src/Concerns/RoutesRequests.php(166): Laravel\\Lumen\\Application->handleFoundRoute()
#9 /home/gudk/phpprj/lswoole/vendor/laravel/lumen-framework/src/Concerns/RoutesRequests.php(426): Laravel\\Lumen\\Application->Laravel\\Lumen\\Concerns\\{closure}()
#10 /home/gudk/phpprj/lswoole/vendor/laravel/lumen-framework/src/Concerns/RoutesRequests.php(172): Laravel\\Lumen\\Application->sendThroughPipeline()
#11 /home/gudk/phpprj/lswoole/vendor/laravel/lumen-framework/src/Concerns/RoutesRequests.php(92): Laravel\\Lumen\\Application->dispatch()
#12 /home/gudk/phpprj/lswoole/src/LSwooleServer.php(96): Laravel\\Lumen\\Application->handle()
#13 {main}
"} 
[2020-08-17 06:13:15] production.ERROR: Error: Call to undefined function get_call_stack() in /home/gudk/phpprj/lswoole/tests/TestLSwooleServiceProvider.php:41
Stack trace:
#0 [internal function]: TestLSwooleServiceProvider->{closure}()
#1 /home/gudk/phpprj/lswoole/vendor/illuminate/container/BoundMethod.php(37): call_user_func_array()
#2 /home/gudk/phpprj/lswoole/vendor/illuminate/container/Util.php(37): Illuminate\Container\BoundMethod::Illuminate\Container\{closure}()
#3 /home/gudk/phpprj/lswoole/vendor/illuminate/container/BoundMethod.php(83): Illuminate\Container\Util::unwrapIfClosure()
#4 /home/gudk/phpprj/lswoole/vendor/illuminate/container/BoundMethod.php(39): Illuminate\Container\BoundMethod::callBoundMethod()
#5 /home/gudk/phpprj/lswoole/vendor/illuminate/container/Container.php(596): Illuminate\Container\BoundMethod::call()
#6 /home/gudk/phpprj/lswoole/vendor/laravel/lumen-framework/src/Concerns/RoutesRequests.php(299): Illuminate\Container\Container->call()
#7 /home/gudk/phpprj/lswoole/vendor/laravel/lumen-framework/src/Concerns/RoutesRequests.php(264): Laravel\Lumen\Application->callActionOnArrayBasedRoute()
#8 /home/gudk/phpprj/lswoole/vendor/laravel/lumen-framework/src/Concerns/RoutesRequests.php(166): Laravel\Lumen\Application->handleFoundRoute()
#9 /home/gudk/phpprj/lswoole/vendor/laravel/lumen-framework/src/Concerns/RoutesRequests.php(426): Laravel\Lumen\Application->Laravel\Lumen\Concerns\{closure}()
#10 /home/gudk/phpprj/lswoole/vendor/laravel/lumen-framework/src/Concerns/RoutesRequests.php(172): Laravel\Lumen\Application->sendThroughPipeline()
#11 /home/gudk/phpprj/lswoole/vendor/laravel/lumen-framework/src/Concerns/RoutesRequests.php(92): Laravel\Lumen\Application->dispatch()
#12 /home/gudk/phpprj/lswoole/src/LSwooleServer.php(96): Laravel\Lumen\Application->handle()
#13 {main} {"exception":"[object] (Error(code: 0): Call to undefined function get_call_stack() at /home/gudk/phpprj/lswoole/tests/TestLSwooleServiceProvider.php:41)
[stacktrace]
#0 [internal function]: TestLSwooleServiceProvider->{closure}()
#1 /home/gudk/phpprj/lswoole/vendor/illuminate/container/BoundMethod.php(37): call_user_func_array()
#2 /home/gudk/phpprj/lswoole/vendor/illuminate/container/Util.php(37): Illuminate\\Container\\BoundMethod::Illuminate\\Container\\{closure}()
#3 /home/gudk/phpprj/lswoole/vendor/illuminate/container/BoundMethod.php(83): Illuminate\\Container\\Util::unwrapIfClosure()
#4 /home/gudk/phpprj/lswoole/vendor/illuminate/container/BoundMethod.php(39): Illuminate\\Container\\BoundMethod::callBoundMethod()
#5 /home/gudk/phpprj/lswoole/vendor/illuminate/container/Container.php(596): Illuminate\\Container\\BoundMethod::call()
#6 /home/gudk/phpprj/lswoole/vendor/laravel/lumen-framework/src/Concerns/RoutesRequests.php(299): Illuminate\\Container\\Container->call()
#7 /home/gudk/phpprj/lswoole/vendor/laravel/lumen-framework/src/Concerns/RoutesRequests.php(264): Laravel\\Lumen\\Application->callActionOnArrayBasedRoute()
#8 /home/gudk/phpprj/lswoole/vendor/laravel/lumen-framework/src/Concerns/RoutesRequests.php(166): Laravel\\Lumen\\Application->handleFoundRoute()
#9 /home/gudk/phpprj/lswoole/vendor/laravel/lumen-framework/src/Concerns/RoutesRequests.php(426): Laravel\\Lumen\\Application->Laravel\\Lumen\\Concerns\\{closure}()
#10 /home/gudk/phpprj/lswoole/vendor/laravel/lumen-framework/src/Concerns/RoutesRequests.php(172): Laravel\\Lumen\\Application->sendThroughPipeline()
#11 /home/gudk/phpprj/lswoole/vendor/laravel/lumen-framework/src/Concerns/RoutesRequests.php(92): Laravel\\Lumen\\Application->dispatch()
#12 /home/gudk/phpprj/lswoole/src/LSwooleServer.php(96): Laravel\\Lumen\\Application->handle()
#13 {main}
"} 
[2020-08-17 06:59:59] production.ERROR: Error: Call to a member function all() on array in /home/gudk/phpprj/lswoole/tests/TestLSwooleServiceProvider.php:43
Stack trace:
#0 [internal function]: TestLSwooleServiceProvider->{closure}()
#1 /home/gudk/phpprj/lswoole/vendor/illuminate/container/BoundMethod.php(37): call_user_func_array()
#2 /home/gudk/phpprj/lswoole/vendor/illuminate/container/Util.php(37): Illuminate\Container\BoundMethod::Illuminate\Container\{closure}()
#3 /home/gudk/phpprj/lswoole/vendor/illuminate/container/BoundMethod.php(83): Illuminate\Container\Util::unwrapIfClosure()
#4 /home/gudk/phpprj/lswoole/vendor/illuminate/container/BoundMethod.php(39): Illuminate\Container\BoundMethod::callBoundMethod()
#5 /home/gudk/phpprj/lswoole/vendor/illuminate/container/Container.php(596): Illuminate\Container\BoundMethod::call()
#6 /home/gudk/phpprj/lswoole/vendor/laravel/lumen-framework/src/Concerns/RoutesRequests.php(299): Illuminate\Container\Container->call()
#7 /home/gudk/phpprj/lswoole/vendor/laravel/lumen-framework/src/Concerns/RoutesRequests.php(264): Laravel\Lumen\Application->callActionOnArrayBasedRoute()
#8 /home/gudk/phpprj/lswoole/vendor/laravel/lumen-framework/src/Concerns/RoutesRequests.php(166): Laravel\Lumen\Application->handleFoundRoute()
#9 /home/gudk/phpprj/lswoole/vendor/laravel/lumen-framework/src/Concerns/RoutesRequests.php(426): Laravel\Lumen\Application->Laravel\Lumen\Concerns\{closure}()
#10 /home/gudk/phpprj/lswoole/vendor/laravel/lumen-framework/src/Concerns/RoutesRequests.php(172): Laravel\Lumen\Application->sendThroughPipeline()
#11 /home/gudk/phpprj/lswoole/vendor/laravel/lumen-framework/src/Concerns/RoutesRequests.php(92): Laravel\Lumen\Application->dispatch()
#12 /home/gudk/phpprj/lswoole/src/LSwooleServer.php(96): Laravel\Lumen\Application->handle()
#13 {main} {"exception":"[object] (Error(code: 0): Call to a member function all() on array at /home/gudk/phpprj/lswoole/tests/TestLSwooleServiceProvider.php:43)
[stacktrace]
#0 [internal function]: TestLSwooleServiceProvider->{closure}()
#1 /home/gudk/phpprj/lswoole/vendor/illuminate/container/BoundMethod.php(37): call_user_func_array()
#2 /home/gudk/phpprj/lswoole/vendor/illuminate/container/Util.php(37): Illuminate\\Container\\BoundMethod::Illuminate\\Container\\{closure}()
#3 /home/gudk/phpprj/lswoole/vendor/illuminate/container/BoundMethod.php(83): Illuminate\\Container\\Util::unwrapIfClosure()
#4 /home/gudk/phpprj/lswoole/vendor/illuminate/container/BoundMethod.php(39): Illuminate\\Container\\BoundMethod::callBoundMethod()
#5 /home/gudk/phpprj/lswoole/vendor/illuminate/container/Container.php(596): Illuminate\\Container\\BoundMethod::call()
#6 /home/gudk/phpprj/lswoole/vendor/laravel/lumen-framework/src/Concerns/RoutesRequests.php(299): Illuminate\\Container\\Container->call()
#7 /home/gudk/phpprj/lswoole/vendor/laravel/lumen-framework/src/Concerns/RoutesRequests.php(264): Laravel\\Lumen\\Application->callActionOnArrayBasedRoute()
#8 /home/gudk/phpprj/lswoole/vendor/laravel/lumen-framework/src/Concerns/RoutesRequests.php(166): Laravel\\Lumen\\Application->handleFoundRoute()
#9 /home/gudk/phpprj/lswoole/vendor/laravel/lumen-framework/src/Concerns/RoutesRequests.php(426): Laravel\\Lumen\\Application->Laravel\\Lumen\\Concerns\\{closure}()
#10 /home/gudk/phpprj/lswoole/vendor/laravel/lumen-framework/src/Concerns/RoutesRequests.php(172): Laravel\\Lumen\\Application->sendThroughPipeline()
#11 /home/gudk/phpprj/lswoole/vendor/laravel/lumen-framework/src/Concerns/RoutesRequests.php(92): Laravel\\Lumen\\Application->dispatch()
#12 /home/gudk/phpprj/lswoole/src/LSwooleServer.php(96): Laravel\\Lumen\\Application->handle()
#13 {main}
"} 
[2020-08-17 07:15:50] production.ERROR: ErrorException: Trying to access array offset on value of type bool in /home/gudk/phpprj/lswoole/tests/TestLSwooleServiceProvider.php:45
Stack trace:
#0 /home/gudk/phpprj/lswoole/tests/TestLSwooleServiceProvider.php(45): Laravel\Lumen\Application->Laravel\Lumen\Concerns\{closure}()
#1 [internal function]: TestLSwooleServiceProvider->{closure}()
#2 /home/gudk/phpprj/lswoole/vendor/illuminate/container/BoundMethod.php(37): call_user_func_array()
#3 /home/gudk/phpprj/lswoole/vendor/illuminate/container/Util.php(37): Illuminate\Container\BoundMethod::Illuminate\Container\{closure}()
#4 /home/gudk/phpprj/lswoole/vendor/illuminate/container/BoundMethod.php(83): Illuminate\Container\Util::unwrapIfClosure()
#5 /home/gudk/phpprj/lswoole/vendor/illuminate/container/BoundMethod.php(39): Illuminate\Container\BoundMethod::callBoundMethod()
#6 /home/gudk/phpprj/lswoole/vendor/illuminate/container/Container.php(596): Illuminate\Container\BoundMethod::call()
#7 /home/gudk/phpprj/lswoole/vendor/laravel/lumen-framework/src/Concerns/RoutesRequests.php(299): Illuminate\Container\Container->call()
#8 /home/gudk/phpprj/lswoole/vendor/laravel/lumen-framework/src/Concerns/RoutesRequests.php(264): Laravel\Lumen\Application->callActionOnArrayBasedRoute()
#9 /home/gudk/phpprj/lswoole/vendor/laravel/lumen-framework/src/Concerns/RoutesRequests.php(166): Laravel\Lumen\Application->handleFoundRoute()
#10 /home/gudk/phpprj/lswoole/vendor/laravel/lumen-framework/src/Concerns/RoutesRequests.php(426): Laravel\Lumen\Application->Laravel\Lumen\Concerns\{closure}()
#11 /home/gudk/phpprj/lswoole/vendor/laravel/lumen-framework/src/Concerns/RoutesRequests.php(172): Laravel\Lumen\Application->sendThroughPipeline()
#12 /home/gudk/phpprj/lswoole/vendor/laravel/lumen-framework/src/Concerns/RoutesRequests.php(92): Laravel\Lumen\Application->dispatch()
#13 /home/gudk/phpprj/lswoole/src/LSwooleServer.php(96): Laravel\Lumen\Application->handle()
#14 {main} {"exception":"[object] (ErrorException(code: 0): Trying to access array offset on value of type bool at /home/gudk/phpprj/lswoole/tests/TestLSwooleServiceProvider.php:45)
[stacktrace]
#0 /home/gudk/phpprj/lswoole/tests/TestLSwooleServiceProvider.php(45): Laravel\\Lumen\\Application->Laravel\\Lumen\\Concerns\\{closure}()
#1 [internal function]: TestLSwooleServiceProvider->{closure}()
#2 /home/gudk/phpprj/lswoole/vendor/illuminate/container/BoundMethod.php(37): call_user_func_array()
#3 /home/gudk/phpprj/lswoole/vendor/illuminate/container/Util.php(37): Illuminate\\Container\\BoundMethod::Illuminate\\Container\\{closure}()
#4 /home/gudk/phpprj/lswoole/vendor/illuminate/container/BoundMethod.php(83): Illuminate\\Container\\Util::unwrapIfClosure()
#5 /home/gudk/phpprj/lswoole/vendor/illuminate/container/BoundMethod.php(39): Illuminate\\Container\\BoundMethod::callBoundMethod()
#6 /home/gudk/phpprj/lswoole/vendor/illuminate/container/Container.php(596): Illuminate\\Container\\BoundMethod::call()
#7 /home/gudk/phpprj/lswoole/vendor/laravel/lumen-framework/src/Concerns/RoutesRequests.php(299): Illuminate\\Container\\Container->call()
#8 /home/gudk/phpprj/lswoole/vendor/laravel/lumen-framework/src/Concerns/RoutesRequests.php(264): Laravel\\Lumen\\Application->callActionOnArrayBasedRoute()
#9 /home/gudk/phpprj/lswoole/vendor/laravel/lumen-framework/src/Concerns/RoutesRequests.php(166): Laravel\\Lumen\\Application->handleFoundRoute()
#10 /home/gudk/phpprj/lswoole/vendor/laravel/lumen-framework/src/Concerns/RoutesRequests.php(426): Laravel\\Lumen\\Application->Laravel\\Lumen\\Concerns\\{closure}()
#11 /home/gudk/phpprj/lswoole/vendor/laravel/lumen-framework/src/Concerns/RoutesRequests.php(172): Laravel\\Lumen\\Application->sendThroughPipeline()
#12 /home/gudk/phpprj/lswoole/vendor/laravel/lumen-framework/src/Concerns/RoutesRequests.php(92): Laravel\\Lumen\\Application->dispatch()
#13 /home/gudk/phpprj/lswoole/src/LSwooleServer.php(96): Laravel\\Lumen\\Application->handle()
#14 {main}
"} 
[2020-08-17 07:16:10] production.ERROR: ErrorException: Trying to access array offset on value of type bool in /home/gudk/phpprj/lswoole/tests/TestLSwooleServiceProvider.php:45
Stack trace:
#0 /home/gudk/phpprj/lswoole/tests/TestLSwooleServiceProvider.php(45): Laravel\Lumen\Application->Laravel\Lumen\Concerns\{closure}()
#1 [internal function]: TestLSwooleServiceProvider->{closure}()
#2 /home/gudk/phpprj/lswoole/vendor/illuminate/container/BoundMethod.php(37): call_user_func_array()
#3 /home/gudk/phpprj/lswoole/vendor/illuminate/container/Util.php(37): Illuminate\Container\BoundMethod::Illuminate\Container\{closure}()
#4 /home/gudk/phpprj/lswoole/vendor/illuminate/container/BoundMethod.php(83): Illuminate\Container\Util::unwrapIfClosure()
#5 /home/gudk/phpprj/lswoole/vendor/illuminate/container/BoundMethod.php(39): Illuminate\Container\BoundMethod::callBoundMethod()
#6 /home/gudk/phpprj/lswoole/vendor/illuminate/container/Container.php(596): Illuminate\Container\BoundMethod::call()
#7 /home/gudk/phpprj/lswoole/vendor/laravel/lumen-framework/src/Concerns/RoutesRequests.php(299): Illuminate\Container\Container->call()
#8 /home/gudk/phpprj/lswoole/vendor/laravel/lumen-framework/src/Concerns/RoutesRequests.php(264): Laravel\Lumen\Application->callActionOnArrayBasedRoute()
#9 /home/gudk/phpprj/lswoole/vendor/laravel/lumen-framework/src/Concerns/RoutesRequests.php(166): Laravel\Lumen\Application->handleFoundRoute()
#10 /home/gudk/phpprj/lswoole/vendor/laravel/lumen-framework/src/Concerns/RoutesRequests.php(426): Laravel\Lumen\Application->Laravel\Lumen\Concerns\{closure}()
#11 /home/gudk/phpprj/lswoole/vendor/laravel/lumen-framework/src/Concerns/RoutesRequests.php(172): Laravel\Lumen\Application->sendThroughPipeline()
#12 /home/gudk/phpprj/lswoole/vendor/laravel/lumen-framework/src/Concerns/RoutesRequests.php(92): Laravel\Lumen\Application->dispatch()
#13 /home/gudk/phpprj/lswoole/src/LSwooleServer.php(96): Laravel\Lumen\Application->handle()
#14 {main} {"exception":"[object] (ErrorException(code: 0): Trying to access array offset on value of type bool at /home/gudk/phpprj/lswoole/tests/TestLSwooleServiceProvider.php:45)
[stacktrace]
#0 /home/gudk/phpprj/lswoole/tests/TestLSwooleServiceProvider.php(45): Laravel\\Lumen\\Application->Laravel\\Lumen\\Concerns\\{closure}()
#1 [internal function]: TestLSwooleServiceProvider->{closure}()
#2 /home/gudk/phpprj/lswoole/vendor/illuminate/container/BoundMethod.php(37): call_user_func_array()
#3 /home/gudk/phpprj/lswoole/vendor/illuminate/container/Util.php(37): Illuminate\\Container\\BoundMethod::Illuminate\\Container\\{closure}()
#4 /home/gudk/phpprj/lswoole/vendor/illuminate/container/BoundMethod.php(83): Illuminate\\Container\\Util::unwrapIfClosure()
#5 /home/gudk/phpprj/lswoole/vendor/illuminate/container/BoundMethod.php(39): Illuminate\\Container\\BoundMethod::callBoundMethod()
#6 /home/gudk/phpprj/lswoole/vendor/illuminate/container/Container.php(596): Illuminate\\Container\\BoundMethod::call()
#7 /home/gudk/phpprj/lswoole/vendor/laravel/lumen-framework/src/Concerns/RoutesRequests.php(299): Illuminate\\Container\\Container->call()
#8 /home/gudk/phpprj/lswoole/vendor/laravel/lumen-framework/src/Concerns/RoutesRequests.php(264): Laravel\\Lumen\\Application->callActionOnArrayBasedRoute()
#9 /home/gudk/phpprj/lswoole/vendor/laravel/lumen-framework/src/Concerns/RoutesRequests.php(166): Laravel\\Lumen\\Application->handleFoundRoute()
#10 /home/gudk/phpprj/lswoole/vendor/laravel/lumen-framework/src/Concerns/RoutesRequests.php(426): Laravel\\Lumen\\Application->Laravel\\Lumen\\Concerns\\{closure}()
#11 /home/gudk/phpprj/lswoole/vendor/laravel/lumen-framework/src/Concerns/RoutesRequests.php(172): Laravel\\Lumen\\Application->sendThroughPipeline()
#12 /home/gudk/phpprj/lswoole/vendor/laravel/lumen-framework/src/Concerns/RoutesRequests.php(92): Laravel\\Lumen\\Application->dispatch()
#13 /home/gudk/phpprj/lswoole/src/LSwooleServer.php(96): Laravel\\Lumen\\Application->handle()
#14 {main}
"} 
[2020-08-17 07:21:25] production.ERROR: Error: Call to a member function all() on array in /home/gudk/phpprj/lswoole/tests/TestLSwooleServiceProvider.php:48
Stack trace:
#0 [internal function]: TestLSwooleServiceProvider->{closure}()
#1 /home/gudk/phpprj/lswoole/vendor/illuminate/container/BoundMethod.php(37): call_user_func_array()
#2 /home/gudk/phpprj/lswoole/vendor/illuminate/container/Util.php(37): Illuminate\Container\BoundMethod::Illuminate\Container\{closure}()
#3 /home/gudk/phpprj/lswoole/vendor/illuminate/container/BoundMethod.php(83): Illuminate\Container\Util::unwrapIfClosure()
#4 /home/gudk/phpprj/lswoole/vendor/illuminate/container/BoundMethod.php(39): Illuminate\Container\BoundMethod::callBoundMethod()
#5 /home/gudk/phpprj/lswoole/vendor/illuminate/container/Container.php(596): Illuminate\Container\BoundMethod::call()
#6 /home/gudk/phpprj/lswoole/vendor/laravel/lumen-framework/src/Concerns/RoutesRequests.php(299): Illuminate\Container\Container->call()
#7 /home/gudk/phpprj/lswoole/vendor/laravel/lumen-framework/src/Concerns/RoutesRequests.php(264): Laravel\Lumen\Application->callActionOnArrayBasedRoute()
#8 /home/gudk/phpprj/lswoole/vendor/laravel/lumen-framework/src/Concerns/RoutesRequests.php(166): Laravel\Lumen\Application->handleFoundRoute()
#9 /home/gudk/phpprj/lswoole/vendor/laravel/lumen-framework/src/Concerns/RoutesRequests.php(426): Laravel\Lumen\Application->Laravel\Lumen\Concerns\{closure}()
#10 /home/gudk/phpprj/lswoole/vendor/laravel/lumen-framework/src/Concerns/RoutesRequests.php(172): Laravel\Lumen\Application->sendThroughPipeline()
#11 /home/gudk/phpprj/lswoole/vendor/laravel/lumen-framework/src/Concerns/RoutesRequests.php(92): Laravel\Lumen\Application->dispatch()
#12 /home/gudk/phpprj/lswoole/src/LSwooleServer.php(96): Laravel\Lumen\Application->handle()
#13 {main} {"exception":"[object] (Error(code: 0): Call to a member function all() on array at /home/gudk/phpprj/lswoole/tests/TestLSwooleServiceProvider.php:48)
[stacktrace]
#0 [internal function]: TestLSwooleServiceProvider->{closure}()
#1 /home/gudk/phpprj/lswoole/vendor/illuminate/container/BoundMethod.php(37): call_user_func_array()
#2 /home/gudk/phpprj/lswoole/vendor/illuminate/container/Util.php(37): Illuminate\\Container\\BoundMethod::Illuminate\\Container\\{closure}()
#3 /home/gudk/phpprj/lswoole/vendor/illuminate/container/BoundMethod.php(83): Illuminate\\Container\\Util::unwrapIfClosure()
#4 /home/gudk/phpprj/lswoole/vendor/illuminate/container/BoundMethod.php(39): Illuminate\\Container\\BoundMethod::callBoundMethod()
#5 /home/gudk/phpprj/lswoole/vendor/illuminate/container/Container.php(596): Illuminate\\Container\\BoundMethod::call()
#6 /home/gudk/phpprj/lswoole/vendor/laravel/lumen-framework/src/Concerns/RoutesRequests.php(299): Illuminate\\Container\\Container->call()
#7 /home/gudk/phpprj/lswoole/vendor/laravel/lumen-framework/src/Concerns/RoutesRequests.php(264): Laravel\\Lumen\\Application->callActionOnArrayBasedRoute()
#8 /home/gudk/phpprj/lswoole/vendor/laravel/lumen-framework/src/Concerns/RoutesRequests.php(166): Laravel\\Lumen\\Application->handleFoundRoute()
#9 /home/gudk/phpprj/lswoole/vendor/laravel/lumen-framework/src/Concerns/RoutesRequests.php(426): Laravel\\Lumen\\Application->Laravel\\Lumen\\Concerns\\{closure}()
#10 /home/gudk/phpprj/lswoole/vendor/laravel/lumen-framework/src/Concerns/RoutesRequests.php(172): Laravel\\Lumen\\Application->sendThroughPipeline()
#11 /home/gudk/phpprj/lswoole/vendor/laravel/lumen-framework/src/Concerns/RoutesRequests.php(92): Laravel\\Lumen\\Application->dispatch()
#12 /home/gudk/phpprj/lswoole/src/LSwooleServer.php(96): Laravel\\Lumen\\Application->handle()
#13 {main}
"} 
[2020-08-17 07:26:09] production.ERROR: Symfony\Component\HttpKernel\Exception\NotFoundHttpException in /home/gudk/phpprj/lswoole/vendor/laravel/lumen-framework/src/Concerns/RoutesRequests.php:230
Stack trace:
#0 /home/gudk/phpprj/lswoole/vendor/laravel/lumen-framework/src/Concerns/RoutesRequests.php(170): Laravel\Lumen\Application->handleDispatcherResponse()
#1 /home/gudk/phpprj/lswoole/vendor/laravel/lumen-framework/src/Concerns/RoutesRequests.php(426): Laravel\Lumen\Application->Laravel\Lumen\Concerns\{closure}()
#2 /home/gudk/phpprj/lswoole/vendor/laravel/lumen-framework/src/Concerns/RoutesRequests.php(172): Laravel\Lumen\Application->sendThroughPipeline()
#3 /home/gudk/phpprj/lswoole/vendor/laravel/lumen-framework/src/Concerns/RoutesRequests.php(92): Laravel\Lumen\Application->dispatch()
#4 /home/gudk/phpprj/lswoole/src/LSwooleServer.php(96): Laravel\Lumen\Application->handle()
#5 {main} {"exception":"[object] (Symfony\\Component\\HttpKernel\\Exception\\NotFoundHttpException(code: 0):  at /home/gudk/phpprj/lswoole/vendor/laravel/lumen-framework/src/Concerns/RoutesRequests.php:230)
[stacktrace]
#0 /home/gudk/phpprj/lswoole/vendor/laravel/lumen-framework/src/Concerns/RoutesRequests.php(170): Laravel\\Lumen\\Application->handleDispatcherResponse()
#1 /home/gudk/phpprj/lswoole/vendor/laravel/lumen-framework/src/Concerns/RoutesRequests.php(426): Laravel\\Lumen\\Application->Laravel\\Lumen\\Concerns\\{closure}()
#2 /home/gudk/phpprj/lswoole/vendor/laravel/lumen-framework/src/Concerns/RoutesRequests.php(172): Laravel\\Lumen\\Application->sendThroughPipeline()
#3 /home/gudk/phpprj/lswoole/vendor/laravel/lumen-framework/src/Concerns/RoutesRequests.php(92): Laravel\\Lumen\\Application->dispatch()
#4 /home/gudk/phpprj/lswoole/src/LSwooleServer.php(96): Laravel\\Lumen\\Application->handle()
#5 {main}
"} 
[2020-08-17 07:46:37] production.ERROR: Exception: pid文件被，其他程序占用,请手动删除/home/gudk/phpprj/lswoole/storage/logs/swoole.pid in /home/gudk/phpprj/lswoole/src/Command.php:104
Stack trace:
#0 /home/gudk/phpprj/lswoole/src/Command.php(201): gudongkun\lswoole\Command->checkPidFile()
#1 /home/gudk/phpprj/lswoole/src/Command.php(40): gudongkun\lswoole\Command->stop()
#2 [internal function]: gudongkun\lswoole\Command->handle()
#3 /home/gudk/phpprj/lswoole/vendor/illuminate/container/BoundMethod.php(38): call_user_func_array()
#4 /home/gudk/phpprj/lswoole/vendor/illuminate/container/Util.php(37): Illuminate\Container\BoundMethod::Illuminate\Container\{closure}()
#5 /home/gudk/phpprj/lswoole/vendor/illuminate/container/BoundMethod.php(96): Illuminate\Container\Util::unwrapIfClosure()
#6 /home/gudk/phpprj/lswoole/vendor/illuminate/container/BoundMethod.php(40): Illuminate\Container\BoundMethod::callBoundMethod()
#7 /home/gudk/phpprj/lswoole/vendor/illuminate/container/Container.php(596): Illuminate\Container\BoundMethod::call()
#8 /home/gudk/phpprj/lswoole/vendor/illuminate/console/Command.php(134): Illuminate\Container\Container->call()
#9 /home/gudk/phpprj/lswoole/vendor/symfony/console/Command/Command.php(258): Illuminate\Console\Command->execute()
#10 /home/gudk/phpprj/lswoole/vendor/illuminate/console/Command.php(121): Symfony\Component\Console\Command\Command->run()
#11 /home/gudk/phpprj/lswoole/vendor/symfony/console/Application.php(911): Illuminate\Console\Command->run()
#12 /home/gudk/phpprj/lswoole/vendor/symfony/console/Application.php(264): Symfony\Component\Console\Application->doRunCommand()
#13 /home/gudk/phpprj/lswoole/vendor/symfony/console/Application.php(140): Symfony\Component\Console\Application->doRun()
#14 /home/gudk/phpprj/lswoole/vendor/illuminate/console/Application.php(93): Symfony\Component\Console\Application->run()
#15 /home/gudk/phpprj/lswoole/vendor/laravel/lumen-framework/src/Console/Kernel.php(116): Illuminate\Console\Application->run()
#16 /home/gudk/phpprj/lswoole/tests/TestLSwooleServiceProvider.php(58): Laravel\Lumen\Console\Kernel->handle()
#17 [internal function]: TestLSwooleServiceProvider->testInitPid()
#18 phar:///usr/local/bin/phpunit/phpunit/Framework/TestCase.php(1071): ReflectionMethod->invokeArgs()
#19 phar:///usr/local/bin/phpunit/phpunit/Framework/TestCase.php(939): PHPUnit\Framework\TestCase->runTest()
#20 phar:///usr/local/bin/phpunit/phpunit/Framework/TestResult.php(698): PHPUnit\Framework\TestCase->runBare()
#21 phar:///usr/local/bin/phpunit/phpunit/Framework/TestCase.php(894): PHPUnit\Framework\TestResult->run()
#22 phar:///usr/local/bin/phpunit/phpunit/Framework/TestSuite.php(755): PHPUnit\Framework\TestCase->run()
#23 phar:///usr/local/bin/phpunit/phpunit/TextUI/TestRunner.php(546): PHPUnit\Framework\TestSuite->run()
#24 phar:///usr/local/bin/phpunit/phpunit/TextUI/Command.php(195): PHPUnit\TextUI\TestRunner->doRun()
#25 phar:///usr/local/bin/phpunit/phpunit/TextUI/Command.php(148): PHPUnit\TextUI\Command->run()
#26 /usr/local/bin/phpunit(568): PHPUnit\TextUI\Command::main()
#27 {main} {"exception":"[object] (Exception(code: 0): pid文件被，其他程序占用,请手动删除/home/gudk/phpprj/lswoole/storage/logs/swoole.pid at /home/gudk/phpprj/lswoole/src/Command.php:104)
[stacktrace]
#0 /home/gudk/phpprj/lswoole/src/Command.php(201): gudongkun\\lswoole\\Command->checkPidFile()
#1 /home/gudk/phpprj/lswoole/src/Command.php(40): gudongkun\\lswoole\\Command->stop()
#2 [internal function]: gudongkun\\lswoole\\Command->handle()
#3 /home/gudk/phpprj/lswoole/vendor/illuminate/container/BoundMethod.php(38): call_user_func_array()
#4 /home/gudk/phpprj/lswoole/vendor/illuminate/container/Util.php(37): Illuminate\\Container\\BoundMethod::Illuminate\\Container\\{closure}()
#5 /home/gudk/phpprj/lswoole/vendor/illuminate/container/BoundMethod.php(96): Illuminate\\Container\\Util::unwrapIfClosure()
#6 /home/gudk/phpprj/lswoole/vendor/illuminate/container/BoundMethod.php(40): Illuminate\\Container\\BoundMethod::callBoundMethod()
#7 /home/gudk/phpprj/lswoole/vendor/illuminate/container/Container.php(596): Illuminate\\Container\\BoundMethod::call()
#8 /home/gudk/phpprj/lswoole/vendor/illuminate/console/Command.php(134): Illuminate\\Container\\Container->call()
#9 /home/gudk/phpprj/lswoole/vendor/symfony/console/Command/Command.php(258): Illuminate\\Console\\Command->execute()
#10 /home/gudk/phpprj/lswoole/vendor/illuminate/console/Command.php(121): Symfony\\Component\\Console\\Command\\Command->run()
#11 /home/gudk/phpprj/lswoole/vendor/symfony/console/Application.php(911): Illuminate\\Console\\Command->run()
#12 /home/gudk/phpprj/lswoole/vendor/symfony/console/Application.php(264): Symfony\\Component\\Console\\Application->doRunCommand()
#13 /home/gudk/phpprj/lswoole/vendor/symfony/console/Application.php(140): Symfony\\Component\\Console\\Application->doRun()
#14 /home/gudk/phpprj/lswoole/vendor/illuminate/console/Application.php(93): Symfony\\Component\\Console\\Application->run()
#15 /home/gudk/phpprj/lswoole/vendor/laravel/lumen-framework/src/Console/Kernel.php(116): Illuminate\\Console\\Application->run()
#16 /home/gudk/phpprj/lswoole/tests/TestLSwooleServiceProvider.php(58): Laravel\\Lumen\\Console\\Kernel->handle()
#17 [internal function]: TestLSwooleServiceProvider->testInitPid()
#18 phar:///usr/local/bin/phpunit/phpunit/Framework/TestCase.php(1071): ReflectionMethod->invokeArgs()
#19 phar:///usr/local/bin/phpunit/phpunit/Framework/TestCase.php(939): PHPUnit\\Framework\\TestCase->runTest()
#20 phar:///usr/local/bin/phpunit/phpunit/Framework/TestResult.php(698): PHPUnit\\Framework\\TestCase->runBare()
#21 phar:///usr/local/bin/phpunit/phpunit/Framework/TestCase.php(894): PHPUnit\\Framework\\TestResult->run()
#22 phar:///usr/local/bin/phpunit/phpunit/Framework/TestSuite.php(755): PHPUnit\\Framework\\TestCase->run()
#23 phar:///usr/local/bin/phpunit/phpunit/TextUI/TestRunner.php(546): PHPUnit\\Framework\\TestSuite->run()
#24 phar:///usr/local/bin/phpunit/phpunit/TextUI/Command.php(195): PHPUnit\\TextUI\\TestRunner->doRun()
#25 phar:///usr/local/bin/phpunit/phpunit/TextUI/Command.php(148): PHPUnit\\TextUI\\Command->run()
#26 /usr/local/bin/phpunit(568): PHPUnit\\TextUI\\Command::main()
#27 {main}
"} 
[2020-08-17 07:46:40] production.ERROR: Exception: pid文件被，其他程序占用,请手动删除/home/gudk/phpprj/lswoole/storage/logs/swoole.pid in /home/gudk/phpprj/lswoole/src/Command.php:104
Stack trace:
#0 /home/gudk/phpprj/lswoole/src/Command.php(56): gudongkun\lswoole\Command->checkPidFile()
#1 /home/gudk/phpprj/lswoole/src/Command.php(31): gudongkun\lswoole\Command->start()
#2 [internal function]: gudongkun\lswoole\Command->handle()
#3 /home/gudk/phpprj/lswoole/vendor/illuminate/container/BoundMethod.php(38): call_user_func_array()
#4 /home/gudk/phpprj/lswoole/vendor/illuminate/container/Util.php(37): Illuminate\Container\BoundMethod::Illuminate\Container\{closure}()
#5 /home/gudk/phpprj/lswoole/vendor/illuminate/container/BoundMethod.php(96): Illuminate\Container\Util::unwrapIfClosure()
#6 /home/gudk/phpprj/lswoole/vendor/illuminate/container/BoundMethod.php(40): Illuminate\Container\BoundMethod::callBoundMethod()
#7 /home/gudk/phpprj/lswoole/vendor/illuminate/container/Container.php(596): Illuminate\Container\BoundMethod::call()
#8 /home/gudk/phpprj/lswoole/vendor/illuminate/console/Command.php(134): Illuminate\Container\Container->call()
#9 /home/gudk/phpprj/lswoole/vendor/symfony/console/Command/Command.php(258): Illuminate\Console\Command->execute()
#10 /home/gudk/phpprj/lswoole/vendor/illuminate/console/Command.php(121): Symfony\Component\Console\Command\Command->run()
#11 /home/gudk/phpprj/lswoole/vendor/symfony/console/Application.php(911): Illuminate\Console\Command->run()
#12 /home/gudk/phpprj/lswoole/vendor/symfony/console/Application.php(264): Symfony\Component\Console\Application->doRunCommand()
#13 /home/gudk/phpprj/lswoole/vendor/symfony/console/Application.php(140): Symfony\Component\Console\Application->doRun()
#14 /home/gudk/phpprj/lswoole/vendor/illuminate/console/Application.php(93): Symfony\Component\Console\Application->run()
#15 /home/gudk/phpprj/lswoole/vendor/laravel/lumen-framework/src/Console/Kernel.php(116): Illuminate\Console\Application->run()
#16 /home/gudk/phpprj/lswoole/tests/TestLSwooleServiceProvider.php(62): Laravel\Lumen\Console\Kernel->handle()
#17 [internal function]: TestLSwooleServiceProvider->testInitPid()
#18 phar:///usr/local/bin/phpunit/phpunit/Framework/TestCase.php(1071): ReflectionMethod->invokeArgs()
#19 phar:///usr/local/bin/phpunit/phpunit/Framework/TestCase.php(939): PHPUnit\Framework\TestCase->runTest()
#20 phar:///usr/local/bin/phpunit/phpunit/Framework/TestResult.php(698): PHPUnit\Framework\TestCase->runBare()
#21 phar:///usr/local/bin/phpunit/phpunit/Framework/TestCase.php(894): PHPUnit\Framework\TestResult->run()
#22 phar:///usr/local/bin/phpunit/phpunit/Framework/TestSuite.php(755): PHPUnit\Framework\TestCase->run()
#23 phar:///usr/local/bin/phpunit/phpunit/TextUI/TestRunner.php(546): PHPUnit\Framework\TestSuite->run()
#24 phar:///usr/local/bin/phpunit/phpunit/TextUI/Command.php(195): PHPUnit\TextUI\TestRunner->doRun()
#25 phar:///usr/local/bin/phpunit/phpunit/TextUI/Command.php(148): PHPUnit\TextUI\Command->run()
#26 /usr/local/bin/phpunit(568): PHPUnit\TextUI\Command::main()
#27 {main} {"exception":"[object] (Exception(code: 0): pid文件被，其他程序占用,请手动删除/home/gudk/phpprj/lswoole/storage/logs/swoole.pid at /home/gudk/phpprj/lswoole/src/Command.php:104)
[stacktrace]
#0 /home/gudk/phpprj/lswoole/src/Command.php(56): gudongkun\\lswoole\\Command->checkPidFile()
#1 /home/gudk/phpprj/lswoole/src/Command.php(31): gudongkun\\lswoole\\Command->start()
#2 [internal function]: gudongkun\\lswoole\\Command->handle()
#3 /home/gudk/phpprj/lswoole/vendor/illuminate/container/BoundMethod.php(38): call_user_func_array()
#4 /home/gudk/phpprj/lswoole/vendor/illuminate/container/Util.php(37): Illuminate\\Container\\BoundMethod::Illuminate\\Container\\{closure}()
#5 /home/gudk/phpprj/lswoole/vendor/illuminate/container/BoundMethod.php(96): Illuminate\\Container\\Util::unwrapIfClosure()
#6 /home/gudk/phpprj/lswoole/vendor/illuminate/container/BoundMethod.php(40): Illuminate\\Container\\BoundMethod::callBoundMethod()
#7 /home/gudk/phpprj/lswoole/vendor/illuminate/container/Container.php(596): Illuminate\\Container\\BoundMethod::call()
#8 /home/gudk/phpprj/lswoole/vendor/illuminate/console/Command.php(134): Illuminate\\Container\\Container->call()
#9 /home/gudk/phpprj/lswoole/vendor/symfony/console/Command/Command.php(258): Illuminate\\Console\\Command->execute()
#10 /home/gudk/phpprj/lswoole/vendor/illuminate/console/Command.php(121): Symfony\\Component\\Console\\Command\\Command->run()
#11 /home/gudk/phpprj/lswoole/vendor/symfony/console/Application.php(911): Illuminate\\Console\\Command->run()
#12 /home/gudk/phpprj/lswoole/vendor/symfony/console/Application.php(264): Symfony\\Component\\Console\\Application->doRunCommand()
#13 /home/gudk/phpprj/lswoole/vendor/symfony/console/Application.php(140): Symfony\\Component\\Console\\Application->doRun()
#14 /home/gudk/phpprj/lswoole/vendor/illuminate/console/Application.php(93): Symfony\\Component\\Console\\Application->run()
#15 /home/gudk/phpprj/lswoole/vendor/laravel/lumen-framework/src/Console/Kernel.php(116): Illuminate\\Console\\Application->run()
#16 /home/gudk/phpprj/lswoole/tests/TestLSwooleServiceProvider.php(62): Laravel\\Lumen\\Console\\Kernel->handle()
#17 [internal function]: TestLSwooleServiceProvider->testInitPid()
#18 phar:///usr/local/bin/phpunit/phpunit/Framework/TestCase.php(1071): ReflectionMethod->invokeArgs()
#19 phar:///usr/local/bin/phpunit/phpunit/Framework/TestCase.php(939): PHPUnit\\Framework\\TestCase->runTest()
#20 phar:///usr/local/bin/phpunit/phpunit/Framework/TestResult.php(698): PHPUnit\\Framework\\TestCase->runBare()
#21 phar:///usr/local/bin/phpunit/phpunit/Framework/TestCase.php(894): PHPUnit\\Framework\\TestResult->run()
#22 phar:///usr/local/bin/phpunit/phpunit/Framework/TestSuite.php(755): PHPUnit\\Framework\\TestCase->run()
#23 phar:///usr/local/bin/phpunit/phpunit/TextUI/TestRunner.php(546): PHPUnit\\Framework\\TestSuite->run()
#24 phar:///usr/local/bin/phpunit/phpunit/TextUI/Command.php(195): PHPUnit\\TextUI\\TestRunner->doRun()
#25 phar:///usr/local/bin/phpunit/phpunit/TextUI/Command.php(148): PHPUnit\\TextUI\\Command->run()
#26 /usr/local/bin/phpunit(568): PHPUnit\\TextUI\\Command::main()
#27 {main}
"} 
[2020-08-17 07:46:42] production.ERROR: Exception: pid文件被，其他程序占用,请手动删除/home/gudk/phpprj/lswoole/storage/logs/swoole.pid in /home/gudk/phpprj/lswoole/src/Command.php:104
Stack trace:
#0 /home/gudk/phpprj/lswoole/src/Command.php(201): gudongkun\lswoole\Command->checkPidFile()
#1 /home/gudk/phpprj/lswoole/src/Command.php(40): gudongkun\lswoole\Command->stop()
#2 [internal function]: gudongkun\lswoole\Command->handle()
#3 /home/gudk/phpprj/lswoole/vendor/illuminate/container/BoundMethod.php(38): call_user_func_array()
#4 /home/gudk/phpprj/lswoole/vendor/illuminate/container/Util.php(37): Illuminate\Container\BoundMethod::Illuminate\Container\{closure}()
#5 /home/gudk/phpprj/lswoole/vendor/illuminate/container/BoundMethod.php(96): Illuminate\Container\Util::unwrapIfClosure()
#6 /home/gudk/phpprj/lswoole/vendor/illuminate/container/BoundMethod.php(40): Illuminate\Container\BoundMethod::callBoundMethod()
#7 /home/gudk/phpprj/lswoole/vendor/illuminate/container/Container.php(596): Illuminate\Container\BoundMethod::call()
#8 /home/gudk/phpprj/lswoole/vendor/illuminate/console/Command.php(134): Illuminate\Container\Container->call()
#9 /home/gudk/phpprj/lswoole/vendor/symfony/console/Command/Command.php(258): Illuminate\Console\Command->execute()
#10 /home/gudk/phpprj/lswoole/vendor/illuminate/console/Command.php(121): Symfony\Component\Console\Command\Command->run()
#11 /home/gudk/phpprj/lswoole/vendor/symfony/console/Application.php(911): Illuminate\Console\Command->run()
#12 /home/gudk/phpprj/lswoole/vendor/symfony/console/Application.php(264): Symfony\Component\Console\Application->doRunCommand()
#13 /home/gudk/phpprj/lswoole/vendor/symfony/console/Application.php(140): Symfony\Component\Console\Application->doRun()
#14 /home/gudk/phpprj/lswoole/vendor/illuminate/console/Application.php(93): Symfony\Component\Console\Application->run()
#15 /home/gudk/phpprj/lswoole/vendor/laravel/lumen-framework/src/Console/Kernel.php(116): Illuminate\Console\Application->run()
#16 /home/gudk/phpprj/lswoole/tests/TestLSwooleServiceProvider.php(83): Laravel\Lumen\Console\Kernel->handle()
#17 phar:///usr/local/bin/phpunit/phpunit/Framework/TestCase.php(986): TestLSwooleServiceProvider->tearDown()
#18 phar:///usr/local/bin/phpunit/phpunit/Framework/TestResult.php(698): PHPUnit\Framework\TestCase->runBare()
#19 phar:///usr/local/bin/phpunit/phpunit/Framework/TestCase.php(894): PHPUnit\Framework\TestResult->run()
#20 phar:///usr/local/bin/phpunit/phpunit/Framework/TestSuite.php(755): PHPUnit\Framework\TestCase->run()
#21 phar:///usr/local/bin/phpunit/phpunit/TextUI/TestRunner.php(546): PHPUnit\Framework\TestSuite->run()
#22 phar:///usr/local/bin/phpunit/phpunit/TextUI/Command.php(195): PHPUnit\TextUI\TestRunner->doRun()
#23 phar:///usr/local/bin/phpunit/phpunit/TextUI/Command.php(148): PHPUnit\TextUI\Command->run()
#24 /usr/local/bin/phpunit(568): PHPUnit\TextUI\Command::main()
#25 {main} {"exception":"[object] (Exception(code: 0): pid文件被，其他程序占用,请手动删除/home/gudk/phpprj/lswoole/storage/logs/swoole.pid at /home/gudk/phpprj/lswoole/src/Command.php:104)
[stacktrace]
#0 /home/gudk/phpprj/lswoole/src/Command.php(201): gudongkun\\lswoole\\Command->checkPidFile()
#1 /home/gudk/phpprj/lswoole/src/Command.php(40): gudongkun\\lswoole\\Command->stop()
#2 [internal function]: gudongkun\\lswoole\\Command->handle()
#3 /home/gudk/phpprj/lswoole/vendor/illuminate/container/BoundMethod.php(38): call_user_func_array()
#4 /home/gudk/phpprj/lswoole/vendor/illuminate/container/Util.php(37): Illuminate\\Container\\BoundMethod::Illuminate\\Container\\{closure}()
#5 /home/gudk/phpprj/lswoole/vendor/illuminate/container/BoundMethod.php(96): Illuminate\\Container\\Util::unwrapIfClosure()
#6 /home/gudk/phpprj/lswoole/vendor/illuminate/container/BoundMethod.php(40): Illuminate\\Container\\BoundMethod::callBoundMethod()
#7 /home/gudk/phpprj/lswoole/vendor/illuminate/container/Container.php(596): Illuminate\\Container\\BoundMethod::call()
#8 /home/gudk/phpprj/lswoole/vendor/illuminate/console/Command.php(134): Illuminate\\Container\\Container->call()
#9 /home/gudk/phpprj/lswoole/vendor/symfony/console/Command/Command.php(258): Illuminate\\Console\\Command->execute()
#10 /home/gudk/phpprj/lswoole/vendor/illuminate/console/Command.php(121): Symfony\\Component\\Console\\Command\\Command->run()
#11 /home/gudk/phpprj/lswoole/vendor/symfony/console/Application.php(911): Illuminate\\Console\\Command->run()
#12 /home/gudk/phpprj/lswoole/vendor/symfony/console/Application.php(264): Symfony\\Component\\Console\\Application->doRunCommand()
#13 /home/gudk/phpprj/lswoole/vendor/symfony/console/Application.php(140): Symfony\\Component\\Console\\Application->doRun()
#14 /home/gudk/phpprj/lswoole/vendor/illuminate/console/Application.php(93): Symfony\\Component\\Console\\Application->run()
#15 /home/gudk/phpprj/lswoole/vendor/laravel/lumen-framework/src/Console/Kernel.php(116): Illuminate\\Console\\Application->run()
#16 /home/gudk/phpprj/lswoole/tests/TestLSwooleServiceProvider.php(83): Laravel\\Lumen\\Console\\Kernel->handle()
#17 phar:///usr/local/bin/phpunit/phpunit/Framework/TestCase.php(986): TestLSwooleServiceProvider->tearDown()
#18 phar:///usr/local/bin/phpunit/phpunit/Framework/TestResult.php(698): PHPUnit\\Framework\\TestCase->runBare()
#19 phar:///usr/local/bin/phpunit/phpunit/Framework/TestCase.php(894): PHPUnit\\Framework\\TestResult->run()
#20 phar:///usr/local/bin/phpunit/phpunit/Framework/TestSuite.php(755): PHPUnit\\Framework\\TestCase->run()
#21 phar:///usr/local/bin/phpunit/phpunit/TextUI/TestRunner.php(546): PHPUnit\\Framework\\TestSuite->run()
#22 phar:///usr/local/bin/phpunit/phpunit/TextUI/Command.php(195): PHPUnit\\TextUI\\TestRunner->doRun()
#23 phar:///usr/local/bin/phpunit/phpunit/TextUI/Command.php(148): PHPUnit\\TextUI\\Command->run()
#24 /usr/local/bin/phpunit(568): PHPUnit\\TextUI\\Command::main()
#25 {main}
"} 
[2020-08-17 14:21:20] production.ERROR: Symfony\Component\ErrorHandler\Error\FatalError: Uncaught Error: Call to undefined function gudongkun\lswoole\all() in /home/gudk/phpprj/lswoole/src/LSwooleServer.php:92
Stack trace:
#0 {main}
  thrown in /home/gudk/phpprj/lswoole/src/LSwooleServer.php:92
Stack trace:
#0 {main} {"exception":"[object] (Symfony\\Component\\ErrorHandler\\Error\\FatalError(code: 0): Uncaught Error: Call to undefined function gudongkun\\lswoole\\all() in /home/gudk/phpprj/lswoole/src/LSwooleServer.php:92
Stack trace:
#0 {main}
  thrown at /home/gudk/phpprj/lswoole/src/LSwooleServer.php:92)
[stacktrace]
#0 {main}
"} 
[2020-08-17 14:26:26] production.ERROR: Symfony\Component\HttpKernel\Exception\NotFoundHttpException in /home/gudk/phpprj/lswoole/vendor/laravel/lumen-framework/src/Concerns/RoutesRequests.php:230
Stack trace:
#0 /home/gudk/phpprj/lswoole/vendor/laravel/lumen-framework/src/Concerns/RoutesRequests.php(170): Laravel\Lumen\Application->handleDispatcherResponse()
#1 /home/gudk/phpprj/lswoole/vendor/laravel/lumen-framework/src/Concerns/RoutesRequests.php(427): Laravel\Lumen\Application->Laravel\Lumen\Concerns\{closure}()
#2 /home/gudk/phpprj/lswoole/vendor/laravel/lumen-framework/src/Concerns/RoutesRequests.php(172): Laravel\Lumen\Application->sendThroughPipeline()
#3 /home/gudk/phpprj/lswoole/vendor/laravel/lumen-framework/src/Concerns/RoutesRequests.php(92): Laravel\Lumen\Application->dispatch()
#4 /home/gudk/phpprj/lswoole/src/LSwooleServer.php(98): Laravel\Lumen\Application->handle()
#5 {main} {"exception":"[object] (Symfony\\Component\\HttpKernel\\Exception\\NotFoundHttpException(code: 0):  at /home/gudk/phpprj/lswoole/vendor/laravel/lumen-framework/src/Concerns/RoutesRequests.php:230)
[stacktrace]
#0 /home/gudk/phpprj/lswoole/vendor/laravel/lumen-framework/src/Concerns/RoutesRequests.php(170): Laravel\\Lumen\\Application->handleDispatcherResponse()
#1 /home/gudk/phpprj/lswoole/vendor/laravel/lumen-framework/src/Concerns/RoutesRequests.php(427): Laravel\\Lumen\\Application->Laravel\\Lumen\\Concerns\\{closure}()
#2 /home/gudk/phpprj/lswoole/vendor/laravel/lumen-framework/src/Concerns/RoutesRequests.php(172): Laravel\\Lumen\\Application->sendThroughPipeline()
#3 /home/gudk/phpprj/lswoole/vendor/laravel/lumen-framework/src/Concerns/RoutesRequests.php(92): Laravel\\Lumen\\Application->dispatch()
#4 /home/gudk/phpprj/lswoole/src/LSwooleServer.php(98): Laravel\\Lumen\\Application->handle()
#5 {main}
"} 
[2020-08-17 14:26:45] production.ERROR: Symfony\Component\HttpKernel\Exception\NotFoundHttpException in /home/gudk/phpprj/lswoole/vendor/laravel/lumen-framework/src/Concerns/RoutesRequests.php:230
Stack trace:
#0 /home/gudk/phpprj/lswoole/vendor/laravel/lumen-framework/src/Concerns/RoutesRequests.php(170): Laravel\Lumen\Application->handleDispatcherResponse()
#1 /home/gudk/phpprj/lswoole/vendor/laravel/lumen-framework/src/Concerns/RoutesRequests.php(427): Laravel\Lumen\Application->Laravel\Lumen\Concerns\{closure}()
#2 /home/gudk/phpprj/lswoole/vendor/laravel/lumen-framework/src/Concerns/RoutesRequests.php(172): Laravel\Lumen\Application->sendThroughPipeline()
#3 /home/gudk/phpprj/lswoole/vendor/laravel/lumen-framework/src/Concerns/RoutesRequests.php(92): Laravel\Lumen\Application->dispatch()
#4 /home/gudk/phpprj/lswoole/src/LSwooleServer.php(98): Laravel\Lumen\Application->handle()
#5 {main} {"exception":"[object] (Symfony\\Component\\HttpKernel\\Exception\\NotFoundHttpException(code: 0):  at /home/gudk/phpprj/lswoole/vendor/laravel/lumen-framework/src/Concerns/RoutesRequests.php:230)
[stacktrace]
#0 /home/gudk/phpprj/lswoole/vendor/laravel/lumen-framework/src/Concerns/RoutesRequests.php(170): Laravel\\Lumen\\Application->handleDispatcherResponse()
#1 /home/gudk/phpprj/lswoole/vendor/laravel/lumen-framework/src/Concerns/RoutesRequests.php(427): Laravel\\Lumen\\Application->Laravel\\Lumen\\Concerns\\{closure}()
#2 /home/gudk/phpprj/lswoole/vendor/laravel/lumen-framework/src/Concerns/RoutesRequests.php(172): Laravel\\Lumen\\Application->sendThroughPipeline()
#3 /home/gudk/phpprj/lswoole/vendor/laravel/lumen-framework/src/Concerns/RoutesRequests.php(92): Laravel\\Lumen\\Application->dispatch()
#4 /home/gudk/phpprj/lswoole/src/LSwooleServer.php(98): Laravel\\Lumen\\Application->handle()
#5 {main}
"} 
[2020-08-17 14:38:11] production.ERROR: ErrorException: Undefined index: action in /home/gudk/phpprj/lswoole/tests/TestLSwooleServiceProvider.php:42
Stack trace:
#0 /home/gudk/phpprj/lswoole/tests/TestLSwooleServiceProvider.php(42): Laravel\Lumen\Application->Laravel\Lumen\Concerns\{closure}()
#1 [internal function]: TestLSwooleServiceProvider->{closure}()
#2 /home/gudk/phpprj/lswoole/vendor/illuminate/container/BoundMethod.php(37): call_user_func_array()
#3 /home/gudk/phpprj/lswoole/vendor/illuminate/container/Util.php(37): Illuminate\Container\BoundMethod::Illuminate\Container\{closure}()
#4 /home/gudk/phpprj/lswoole/vendor/illuminate/container/BoundMethod.php(83): Illuminate\Container\Util::unwrapIfClosure()
#5 /home/gudk/phpprj/lswoole/vendor/illuminate/container/BoundMethod.php(39): Illuminate\Container\BoundMethod::callBoundMethod()
#6 /home/gudk/phpprj/lswoole/vendor/illuminate/container/Container.php(596): Illuminate\Container\BoundMethod::call()
#7 /home/gudk/phpprj/lswoole/vendor/laravel/lumen-framework/src/Concerns/RoutesRequests.php(300): Illuminate\Container\Container->call()
#8 /home/gudk/phpprj/lswoole/vendor/laravel/lumen-framework/src/Concerns/RoutesRequests.php(265): Laravel\Lumen\Application->callActionOnArrayBasedRoute()
#9 /home/gudk/phpprj/lswoole/vendor/laravel/lumen-framework/src/Concerns/RoutesRequests.php(166): Laravel\Lumen\Application->handleFoundRoute()
#10 /home/gudk/phpprj/lswoole/vendor/laravel/lumen-framework/src/Concerns/RoutesRequests.php(427): Laravel\Lumen\Application->Laravel\Lumen\Concerns\{closure}()
#11 /home/gudk/phpprj/lswoole/vendor/laravel/lumen-framework/src/Concerns/RoutesRequests.php(172): Laravel\Lumen\Application->sendThroughPipeline()
#12 /home/gudk/phpprj/lswoole/vendor/laravel/lumen-framework/src/Concerns/RoutesRequests.php(92): Laravel\Lumen\Application->dispatch()
#13 /home/gudk/phpprj/lswoole/src/LSwooleServer.php(98): Laravel\Lumen\Application->handle()
#14 {main} {"exception":"[object] (ErrorException(code: 0): Undefined index: action at /home/gudk/phpprj/lswoole/tests/TestLSwooleServiceProvider.php:42)
[stacktrace]
#0 /home/gudk/phpprj/lswoole/tests/TestLSwooleServiceProvider.php(42): Laravel\\Lumen\\Application->Laravel\\Lumen\\Concerns\\{closure}()
#1 [internal function]: TestLSwooleServiceProvider->{closure}()
#2 /home/gudk/phpprj/lswoole/vendor/illuminate/container/BoundMethod.php(37): call_user_func_array()
#3 /home/gudk/phpprj/lswoole/vendor/illuminate/container/Util.php(37): Illuminate\\Container\\BoundMethod::Illuminate\\Container\\{closure}()
#4 /home/gudk/phpprj/lswoole/vendor/illuminate/container/BoundMethod.php(83): Illuminate\\Container\\Util::unwrapIfClosure()
#5 /home/gudk/phpprj/lswoole/vendor/illuminate/container/BoundMethod.php(39): Illuminate\\Container\\BoundMethod::callBoundMethod()
#6 /home/gudk/phpprj/lswoole/vendor/illuminate/container/Container.php(596): Illuminate\\Container\\BoundMethod::call()
#7 /home/gudk/phpprj/lswoole/vendor/laravel/lumen-framework/src/Concerns/RoutesRequests.php(300): Illuminate\\Container\\Container->call()
#8 /home/gudk/phpprj/lswoole/vendor/laravel/lumen-framework/src/Concerns/RoutesRequests.php(265): Laravel\\Lumen\\Application->callActionOnArrayBasedRoute()
#9 /home/gudk/phpprj/lswoole/vendor/laravel/lumen-framework/src/Concerns/RoutesRequests.php(166): Laravel\\Lumen\\Application->handleFoundRoute()
#10 /home/gudk/phpprj/lswoole/vendor/laravel/lumen-framework/src/Concerns/RoutesRequests.php(427): Laravel\\Lumen\\Application->Laravel\\Lumen\\Concerns\\{closure}()
#11 /home/gudk/phpprj/lswoole/vendor/laravel/lumen-framework/src/Concerns/RoutesRequests.php(172): Laravel\\Lumen\\Application->sendThroughPipeline()
#12 /home/gudk/phpprj/lswoole/vendor/laravel/lumen-framework/src/Concerns/RoutesRequests.php(92): Laravel\\Lumen\\Application->dispatch()
#13 /home/gudk/phpprj/lswoole/src/LSwooleServer.php(98): Laravel\\Lumen\\Application->handle()
#14 {main}
"} 
[2020-08-17 14:38:11] production.ERROR: ErrorException: Undefined index: action in /home/gudk/phpprj/lswoole/tests/TestLSwooleServiceProvider.php:42
Stack trace:
#0 /home/gudk/phpprj/lswoole/tests/TestLSwooleServiceProvider.php(42): Laravel\Lumen\Application->Laravel\Lumen\Concerns\{closure}()
#1 [internal function]: TestLSwooleServiceProvider->{closure}()
#2 /home/gudk/phpprj/lswoole/vendor/illuminate/container/BoundMethod.php(37): call_user_func_array()
#3 /home/gudk/phpprj/lswoole/vendor/illuminate/container/Util.php(37): Illuminate\Container\BoundMethod::Illuminate\Container\{closure}()
#4 /home/gudk/phpprj/lswoole/vendor/illuminate/container/BoundMethod.php(83): Illuminate\Container\Util::unwrapIfClosure()
#5 /home/gudk/phpprj/lswoole/vendor/illuminate/container/BoundMethod.php(39): Illuminate\Container\BoundMethod::callBoundMethod()
#6 /home/gudk/phpprj/lswoole/vendor/illuminate/container/Container.php(596): Illuminate\Container\BoundMethod::call()
#7 /home/gudk/phpprj/lswoole/vendor/laravel/lumen-framework/src/Concerns/RoutesRequests.php(300): Illuminate\Container\Container->call()
#8 /home/gudk/phpprj/lswoole/vendor/laravel/lumen-framework/src/Concerns/RoutesRequests.php(265): Laravel\Lumen\Application->callActionOnArrayBasedRoute()
#9 /home/gudk/phpprj/lswoole/vendor/laravel/lumen-framework/src/Concerns/RoutesRequests.php(166): Laravel\Lumen\Application->handleFoundRoute()
#10 /home/gudk/phpprj/lswoole/vendor/laravel/lumen-framework/src/Concerns/RoutesRequests.php(427): Laravel\Lumen\Application->Laravel\Lumen\Concerns\{closure}()
#11 /home/gudk/phpprj/lswoole/vendor/laravel/lumen-framework/src/Concerns/RoutesRequests.php(172): Laravel\Lumen\Application->sendThroughPipeline()
#12 /home/gudk/phpprj/lswoole/vendor/laravel/lumen-framework/src/Concerns/RoutesRequests.php(92): Laravel\Lumen\Application->dispatch()
#13 /home/gudk/phpprj/lswoole/src/LSwooleServer.php(98): Laravel\Lumen\Application->handle()
#14 {main} {"exception":"[object] (ErrorException(code: 0): Undefined index: action at /home/gudk/phpprj/lswoole/tests/TestLSwooleServiceProvider.php:42)
[stacktrace]
#0 /home/gudk/phpprj/lswoole/tests/TestLSwooleServiceProvider.php(42): Laravel\\Lumen\\Application->Laravel\\Lumen\\Concerns\\{closure}()
#1 [internal function]: TestLSwooleServiceProvider->{closure}()
#2 /home/gudk/phpprj/lswoole/vendor/illuminate/container/BoundMethod.php(37): call_user_func_array()
#3 /home/gudk/phpprj/lswoole/vendor/illuminate/container/Util.php(37): Illuminate\\Container\\BoundMethod::Illuminate\\Container\\{closure}()
#4 /home/gudk/phpprj/lswoole/vendor/illuminate/container/BoundMethod.php(83): Illuminate\\Container\\Util::unwrapIfClosure()
#5 /home/gudk/phpprj/lswoole/vendor/illuminate/container/BoundMethod.php(39): Illuminate\\Container\\BoundMethod::callBoundMethod()
#6 /home/gudk/phpprj/lswoole/vendor/illuminate/container/Container.php(596): Illuminate\\Container\\BoundMethod::call()
#7 /home/gudk/phpprj/lswoole/vendor/laravel/lumen-framework/src/Concerns/RoutesRequests.php(300): Illuminate\\Container\\Container->call()
#8 /home/gudk/phpprj/lswoole/vendor/laravel/lumen-framework/src/Concerns/RoutesRequests.php(265): Laravel\\Lumen\\Application->callActionOnArrayBasedRoute()
#9 /home/gudk/phpprj/lswoole/vendor/laravel/lumen-framework/src/Concerns/RoutesRequests.php(166): Laravel\\Lumen\\Application->handleFoundRoute()
#10 /home/gudk/phpprj/lswoole/vendor/laravel/lumen-framework/src/Concerns/RoutesRequests.php(427): Laravel\\Lumen\\Application->Laravel\\Lumen\\Concerns\\{closure}()
#11 /home/gudk/phpprj/lswoole/vendor/laravel/lumen-framework/src/Concerns/RoutesRequests.php(172): Laravel\\Lumen\\Application->sendThroughPipeline()
#12 /home/gudk/phpprj/lswoole/vendor/laravel/lumen-framework/src/Concerns/RoutesRequests.php(92): Laravel\\Lumen\\Application->dispatch()
#13 /home/gudk/phpprj/lswoole/src/LSwooleServer.php(98): Laravel\\Lumen\\Application->handle()
#14 {main}
"} 
[2020-08-17 14:38:12] production.ERROR: ErrorException: Undefined index: action in /home/gudk/phpprj/lswoole/tests/TestLSwooleServiceProvider.php:42
Stack trace:
#0 /home/gudk/phpprj/lswoole/tests/TestLSwooleServiceProvider.php(42): Laravel\Lumen\Application->Laravel\Lumen\Concerns\{closure}()
#1 [internal function]: TestLSwooleServiceProvider->{closure}()
#2 /home/gudk/phpprj/lswoole/vendor/illuminate/container/BoundMethod.php(37): call_user_func_array()
#3 /home/gudk/phpprj/lswoole/vendor/illuminate/container/Util.php(37): Illuminate\Container\BoundMethod::Illuminate\Container\{closure}()
#4 /home/gudk/phpprj/lswoole/vendor/illuminate/container/BoundMethod.php(83): Illuminate\Container\Util::unwrapIfClosure()
#5 /home/gudk/phpprj/lswoole/vendor/illuminate/container/BoundMethod.php(39): Illuminate\Container\BoundMethod::callBoundMethod()
#6 /home/gudk/phpprj/lswoole/vendor/illuminate/container/Container.php(596): Illuminate\Container\BoundMethod::call()
#7 /home/gudk/phpprj/lswoole/vendor/laravel/lumen-framework/src/Concerns/RoutesRequests.php(300): Illuminate\Container\Container->call()
#8 /home/gudk/phpprj/lswoole/vendor/laravel/lumen-framework/src/Concerns/RoutesRequests.php(265): Laravel\Lumen\Application->callActionOnArrayBasedRoute()
#9 /home/gudk/phpprj/lswoole/vendor/laravel/lumen-framework/src/Concerns/RoutesRequests.php(166): Laravel\Lumen\Application->handleFoundRoute()
#10 /home/gudk/phpprj/lswoole/vendor/laravel/lumen-framework/src/Concerns/RoutesRequests.php(427): Laravel\Lumen\Application->Laravel\Lumen\Concerns\{closure}()
#11 /home/gudk/phpprj/lswoole/vendor/laravel/lumen-framework/src/Concerns/RoutesRequests.php(172): Laravel\Lumen\Application->sendThroughPipeline()
#12 /home/gudk/phpprj/lswoole/vendor/laravel/lumen-framework/src/Concerns/RoutesRequests.php(92): Laravel\Lumen\Application->dispatch()
#13 /home/gudk/phpprj/lswoole/src/LSwooleServer.php(98): Laravel\Lumen\Application->handle()
#14 {main} {"exception":"[object] (ErrorException(code: 0): Undefined index: action at /home/gudk/phpprj/lswoole/tests/TestLSwooleServiceProvider.php:42)
[stacktrace]
#0 /home/gudk/phpprj/lswoole/tests/TestLSwooleServiceProvider.php(42): Laravel\\Lumen\\Application->Laravel\\Lumen\\Concerns\\{closure}()
#1 [internal function]: TestLSwooleServiceProvider->{closure}()
#2 /home/gudk/phpprj/lswoole/vendor/illuminate/container/BoundMethod.php(37): call_user_func_array()
#3 /home/gudk/phpprj/lswoole/vendor/illuminate/container/Util.php(37): Illuminate\\Container\\BoundMethod::Illuminate\\Container\\{closure}()
#4 /home/gudk/phpprj/lswoole/vendor/illuminate/container/BoundMethod.php(83): Illuminate\\Container\\Util::unwrapIfClosure()
#5 /home/gudk/phpprj/lswoole/vendor/illuminate/container/BoundMethod.php(39): Illuminate\\Container\\BoundMethod::callBoundMethod()
#6 /home/gudk/phpprj/lswoole/vendor/illuminate/container/Container.php(596): Illuminate\\Container\\BoundMethod::call()
#7 /home/gudk/phpprj/lswoole/vendor/laravel/lumen-framework/src/Concerns/RoutesRequests.php(300): Illuminate\\Container\\Container->call()
#8 /home/gudk/phpprj/lswoole/vendor/laravel/lumen-framework/src/Concerns/RoutesRequests.php(265): Laravel\\Lumen\\Application->callActionOnArrayBasedRoute()
#9 /home/gudk/phpprj/lswoole/vendor/laravel/lumen-framework/src/Concerns/RoutesRequests.php(166): Laravel\\Lumen\\Application->handleFoundRoute()
#10 /home/gudk/phpprj/lswoole/vendor/laravel/lumen-framework/src/Concerns/RoutesRequests.php(427): Laravel\\Lumen\\Application->Laravel\\Lumen\\Concerns\\{closure}()
#11 /home/gudk/phpprj/lswoole/vendor/laravel/lumen-framework/src/Concerns/RoutesRequests.php(172): Laravel\\Lumen\\Application->sendThroughPipeline()
#12 /home/gudk/phpprj/lswoole/vendor/laravel/lumen-framework/src/Concerns/RoutesRequests.php(92): Laravel\\Lumen\\Application->dispatch()
#13 /home/gudk/phpprj/lswoole/src/LSwooleServer.php(98): Laravel\\Lumen\\Application->handle()
#14 {main}
"} 
[2020-08-17 14:38:13] production.ERROR: ErrorException: Undefined index: action in /home/gudk/phpprj/lswoole/tests/TestLSwooleServiceProvider.php:42
Stack trace:
#0 /home/gudk/phpprj/lswoole/tests/TestLSwooleServiceProvider.php(42): Laravel\Lumen\Application->Laravel\Lumen\Concerns\{closure}()
#1 [internal function]: TestLSwooleServiceProvider->{closure}()
#2 /home/gudk/phpprj/lswoole/vendor/illuminate/container/BoundMethod.php(37): call_user_func_array()
#3 /home/gudk/phpprj/lswoole/vendor/illuminate/container/Util.php(37): Illuminate\Container\BoundMethod::Illuminate\Container\{closure}()
#4 /home/gudk/phpprj/lswoole/vendor/illuminate/container/BoundMethod.php(83): Illuminate\Container\Util::unwrapIfClosure()
#5 /home/gudk/phpprj/lswoole/vendor/illuminate/container/BoundMethod.php(39): Illuminate\Container\BoundMethod::callBoundMethod()
#6 /home/gudk/phpprj/lswoole/vendor/illuminate/container/Container.php(596): Illuminate\Container\BoundMethod::call()
#7 /home/gudk/phpprj/lswoole/vendor/laravel/lumen-framework/src/Concerns/RoutesRequests.php(300): Illuminate\Container\Container->call()
#8 /home/gudk/phpprj/lswoole/vendor/laravel/lumen-framework/src/Concerns/RoutesRequests.php(265): Laravel\Lumen\Application->callActionOnArrayBasedRoute()
#9 /home/gudk/phpprj/lswoole/vendor/laravel/lumen-framework/src/Concerns/RoutesRequests.php(166): Laravel\Lumen\Application->handleFoundRoute()
#10 /home/gudk/phpprj/lswoole/vendor/laravel/lumen-framework/src/Concerns/RoutesRequests.php(427): Laravel\Lumen\Application->Laravel\Lumen\Concerns\{closure}()
#11 /home/gudk/phpprj/lswoole/vendor/laravel/lumen-framework/src/Concerns/RoutesRequests.php(172): Laravel\Lumen\Application->sendThroughPipeline()
#12 /home/gudk/phpprj/lswoole/vendor/laravel/lumen-framework/src/Concerns/RoutesRequests.php(92): Laravel\Lumen\Application->dispatch()
#13 /home/gudk/phpprj/lswoole/src/LSwooleServer.php(98): Laravel\Lumen\Application->handle()
#14 {main} {"exception":"[object] (ErrorException(code: 0): Undefined index: action at /home/gudk/phpprj/lswoole/tests/TestLSwooleServiceProvider.php:42)
[stacktrace]
#0 /home/gudk/phpprj/lswoole/tests/TestLSwooleServiceProvider.php(42): Laravel\\Lumen\\Application->Laravel\\Lumen\\Concerns\\{closure}()
#1 [internal function]: TestLSwooleServiceProvider->{closure}()
#2 /home/gudk/phpprj/lswoole/vendor/illuminate/container/BoundMethod.php(37): call_user_func_array()
#3 /home/gudk/phpprj/lswoole/vendor/illuminate/container/Util.php(37): Illuminate\\Container\\BoundMethod::Illuminate\\Container\\{closure}()
#4 /home/gudk/phpprj/lswoole/vendor/illuminate/container/BoundMethod.php(83): Illuminate\\Container\\Util::unwrapIfClosure()
#5 /home/gudk/phpprj/lswoole/vendor/illuminate/container/BoundMethod.php(39): Illuminate\\Container\\BoundMethod::callBoundMethod()
#6 /home/gudk/phpprj/lswoole/vendor/illuminate/container/Container.php(596): Illuminate\\Container\\BoundMethod::call()
#7 /home/gudk/phpprj/lswoole/vendor/laravel/lumen-framework/src/Concerns/RoutesRequests.php(300): Illuminate\\Container\\Container->call()
#8 /home/gudk/phpprj/lswoole/vendor/laravel/lumen-framework/src/Concerns/RoutesRequests.php(265): Laravel\\Lumen\\Application->callActionOnArrayBasedRoute()
#9 /home/gudk/phpprj/lswoole/vendor/laravel/lumen-framework/src/Concerns/RoutesRequests.php(166): Laravel\\Lumen\\Application->handleFoundRoute()
#10 /home/gudk/phpprj/lswoole/vendor/laravel/lumen-framework/src/Concerns/RoutesRequests.php(427): Laravel\\Lumen\\Application->Laravel\\Lumen\\Concerns\\{closure}()
#11 /home/gudk/phpprj/lswoole/vendor/laravel/lumen-framework/src/Concerns/RoutesRequests.php(172): Laravel\\Lumen\\Application->sendThroughPipeline()
#12 /home/gudk/phpprj/lswoole/vendor/laravel/lumen-framework/src/Concerns/RoutesRequests.php(92): Laravel\\Lumen\\Application->dispatch()
#13 /home/gudk/phpprj/lswoole/src/LSwooleServer.php(98): Laravel\\Lumen\\Application->handle()
#14 {main}
"} 
[2020-08-17 14:39:20] production.ERROR: Symfony\Component\HttpKernel\Exception\NotFoundHttpException in /home/gudk/phpprj/lswoole/vendor/laravel/lumen-framework/src/Concerns/RoutesRequests.php:230
Stack trace:
#0 /home/gudk/phpprj/lswoole/vendor/laravel/lumen-framework/src/Concerns/RoutesRequests.php(170): Laravel\Lumen\Application->handleDispatcherResponse()
#1 /home/gudk/phpprj/lswoole/vendor/laravel/lumen-framework/src/Concerns/RoutesRequests.php(427): Laravel\Lumen\Application->Laravel\Lumen\Concerns\{closure}()
#2 /home/gudk/phpprj/lswoole/vendor/laravel/lumen-framework/src/Concerns/RoutesRequests.php(172): Laravel\Lumen\Application->sendThroughPipeline()
#3 /home/gudk/phpprj/lswoole/vendor/laravel/lumen-framework/src/Concerns/RoutesRequests.php(92): Laravel\Lumen\Application->dispatch()
#4 /home/gudk/phpprj/lswoole/src/LSwooleServer.php(98): Laravel\Lumen\Application->handle()
#5 {main} {"exception":"[object] (Symfony\\Component\\HttpKernel\\Exception\\NotFoundHttpException(code: 0):  at /home/gudk/phpprj/lswoole/vendor/laravel/lumen-framework/src/Concerns/RoutesRequests.php:230)
[stacktrace]
#0 /home/gudk/phpprj/lswoole/vendor/laravel/lumen-framework/src/Concerns/RoutesRequests.php(170): Laravel\\Lumen\\Application->handleDispatcherResponse()
#1 /home/gudk/phpprj/lswoole/vendor/laravel/lumen-framework/src/Concerns/RoutesRequests.php(427): Laravel\\Lumen\\Application->Laravel\\Lumen\\Concerns\\{closure}()
#2 /home/gudk/phpprj/lswoole/vendor/laravel/lumen-framework/src/Concerns/RoutesRequests.php(172): Laravel\\Lumen\\Application->sendThroughPipeline()
#3 /home/gudk/phpprj/lswoole/vendor/laravel/lumen-framework/src/Concerns/RoutesRequests.php(92): Laravel\\Lumen\\Application->dispatch()
#4 /home/gudk/phpprj/lswoole/src/LSwooleServer.php(98): Laravel\\Lumen\\Application->handle()
#5 {main}
"} 
[2020-08-17 15:01:01] production.ERROR: Exception: pid文件被，其他程序占用,请手动删除/home/gudk/phpprj/lswoole/storage/logs/swoole.pid in /home/gudk/phpprj/lswoole/src/Command.php:104
Stack trace:
#0 /home/gudk/phpprj/lswoole/src/Command.php(173): gudongkun\lswoole\Command->checkPidFile()
#1 /home/gudk/phpprj/lswoole/src/Command.php(34): gudongkun\lswoole\Command->restart()
#2 [internal function]: gudongkun\lswoole\Command->handle()
#3 /home/gudk/phpprj/lswoole/vendor/illuminate/container/BoundMethod.php(37): call_user_func_array()
#4 /home/gudk/phpprj/lswoole/vendor/illuminate/container/Util.php(37): Illuminate\Container\BoundMethod::Illuminate\Container\{closure}()
#5 /home/gudk/phpprj/lswoole/vendor/illuminate/container/BoundMethod.php(95): Illuminate\Container\Util::unwrapIfClosure()
#6 /home/gudk/phpprj/lswoole/vendor/illuminate/container/BoundMethod.php(39): Illuminate\Container\BoundMethod::callBoundMethod()
#7 /home/gudk/phpprj/lswoole/vendor/illuminate/container/Container.php(596): Illuminate\Container\BoundMethod::call()
#8 /home/gudk/phpprj/lswoole/vendor/illuminate/console/Command.php(134): Illuminate\Container\Container->call()
#9 /home/gudk/phpprj/lswoole/vendor/symfony/console/Command/Command.php(258): Illuminate\Console\Command->execute()
#10 /home/gudk/phpprj/lswoole/vendor/illuminate/console/Command.php(121): Symfony\Component\Console\Command\Command->run()
#11 /home/gudk/phpprj/lswoole/vendor/symfony/console/Application.php(911): Illuminate\Console\Command->run()
#12 /home/gudk/phpprj/lswoole/vendor/symfony/console/Application.php(264): Symfony\Component\Console\Application->doRunCommand()
#13 /home/gudk/phpprj/lswoole/vendor/symfony/console/Application.php(140): Symfony\Component\Console\Application->doRun()
#14 /home/gudk/phpprj/lswoole/vendor/illuminate/console/Application.php(93): Symfony\Component\Console\Application->run()
#15 /home/gudk/phpprj/lswoole/vendor/laravel/lumen-framework/src/Console/Kernel.php(116): Illuminate\Console\Application->run()
#16 /home/gudk/phpprj/lswoole/tests/TestLSwooleServiceProvider.php(64): Laravel\Lumen\Console\Kernel->handle()
#17 [internal function]: TestLSwooleServiceProvider->testInitPid()
#18 phar:///usr/local/bin/phpunit/phpunit/Framework/TestCase.php(1071): ReflectionMethod->invokeArgs()
#19 phar:///usr/local/bin/phpunit/phpunit/Framework/TestCase.php(939): PHPUnit\Framework\TestCase->runTest()
#20 phar:///usr/local/bin/phpunit/phpunit/Framework/TestResult.php(698): PHPUnit\Framework\TestCase->runBare()
#21 phar:///usr/local/bin/phpunit/phpunit/Framework/TestCase.php(894): PHPUnit\Framework\TestResult->run()
#22 phar:///usr/local/bin/phpunit/phpunit/Framework/TestSuite.php(755): PHPUnit\Framework\TestCase->run()
#23 phar:///usr/local/bin/phpunit/phpunit/TextUI/TestRunner.php(546): PHPUnit\Framework\TestSuite->run()
#24 phar:///usr/local/bin/phpunit/phpunit/TextUI/Command.php(195): PHPUnit\TextUI\TestRunner->doRun()
#25 phar:///usr/local/bin/phpunit/phpunit/TextUI/Command.php(148): PHPUnit\TextUI\Command->run()
#26 /usr/local/bin/phpunit(568): PHPUnit\TextUI\Command::main()
#27 {main} {"exception":"[object] (Exception(code: 0): pid文件被，其他程序占用,请手动删除/home/gudk/phpprj/lswoole/storage/logs/swoole.pid at /home/gudk/phpprj/lswoole/src/Command.php:104)
[stacktrace]
#0 /home/gudk/phpprj/lswoole/src/Command.php(173): gudongkun\\lswoole\\Command->checkPidFile()
#1 /home/gudk/phpprj/lswoole/src/Command.php(34): gudongkun\\lswoole\\Command->restart()
#2 [internal function]: gudongkun\\lswoole\\Command->handle()
#3 /home/gudk/phpprj/lswoole/vendor/illuminate/container/BoundMethod.php(37): call_user_func_array()
#4 /home/gudk/phpprj/lswoole/vendor/illuminate/container/Util.php(37): Illuminate\\Container\\BoundMethod::Illuminate\\Container\\{closure}()
#5 /home/gudk/phpprj/lswoole/vendor/illuminate/container/BoundMethod.php(95): Illuminate\\Container\\Util::unwrapIfClosure()
#6 /home/gudk/phpprj/lswoole/vendor/illuminate/container/BoundMethod.php(39): Illuminate\\Container\\BoundMethod::callBoundMethod()
#7 /home/gudk/phpprj/lswoole/vendor/illuminate/container/Container.php(596): Illuminate\\Container\\BoundMethod::call()
#8 /home/gudk/phpprj/lswoole/vendor/illuminate/console/Command.php(134): Illuminate\\Container\\Container->call()
#9 /home/gudk/phpprj/lswoole/vendor/symfony/console/Command/Command.php(258): Illuminate\\Console\\Command->execute()
#10 /home/gudk/phpprj/lswoole/vendor/illuminate/console/Command.php(121): Symfony\\Component\\Console\\Command\\Command->run()
#11 /home/gudk/phpprj/lswoole/vendor/symfony/console/Application.php(911): Illuminate\\Console\\Command->run()
#12 /home/gudk/phpprj/lswoole/vendor/symfony/console/Application.php(264): Symfony\\Component\\Console\\Application->doRunCommand()
#13 /home/gudk/phpprj/lswoole/vendor/symfony/console/Application.php(140): Symfony\\Component\\Console\\Application->doRun()
#14 /home/gudk/phpprj/lswoole/vendor/illuminate/console/Application.php(93): Symfony\\Component\\Console\\Application->run()
#15 /home/gudk/phpprj/lswoole/vendor/laravel/lumen-framework/src/Console/Kernel.php(116): Illuminate\\Console\\Application->run()
#16 /home/gudk/phpprj/lswoole/tests/TestLSwooleServiceProvider.php(64): Laravel\\Lumen\\Console\\Kernel->handle()
#17 [internal function]: TestLSwooleServiceProvider->testInitPid()
#18 phar:///usr/local/bin/phpunit/phpunit/Framework/TestCase.php(1071): ReflectionMethod->invokeArgs()
#19 phar:///usr/local/bin/phpunit/phpunit/Framework/TestCase.php(939): PHPUnit\\Framework\\TestCase->runTest()
#20 phar:///usr/local/bin/phpunit/phpunit/Framework/TestResult.php(698): PHPUnit\\Framework\\TestCase->runBare()
#21 phar:///usr/local/bin/phpunit/phpunit/Framework/TestCase.php(894): PHPUnit\\Framework\\TestResult->run()
#22 phar:///usr/local/bin/phpunit/phpunit/Framework/TestSuite.php(755): PHPUnit\\Framework\\TestCase->run()
#23 phar:///usr/local/bin/phpunit/phpunit/TextUI/TestRunner.php(546): PHPUnit\\Framework\\TestSuite->run()
#24 phar:///usr/local/bin/phpunit/phpunit/TextUI/Command.php(195): PHPUnit\\TextUI\\TestRunner->doRun()
#25 phar:///usr/local/bin/phpunit/phpunit/TextUI/Command.php(148): PHPUnit\\TextUI\\Command->run()
#26 /usr/local/bin/phpunit(568): PHPUnit\\TextUI\\Command::main()
#27 {main}
"} 
[2020-08-17 19:56:53] production.ERROR: Error: Call to undefined function session() in /home/gudk/phpprj/lswoole/tests/TestLSwooleServiceProvider.php:42
Stack trace:
#0 [internal function]: TestLSwooleServiceProvider->{closure}()
#1 /home/gudk/phpprj/lswoole/vendor/illuminate/container/BoundMethod.php(37): call_user_func_array()
#2 /home/gudk/phpprj/lswoole/vendor/illuminate/container/Util.php(37): Illuminate\Container\BoundMethod::Illuminate\Container\{closure}()
#3 /home/gudk/phpprj/lswoole/vendor/illuminate/container/BoundMethod.php(83): Illuminate\Container\Util::unwrapIfClosure()
#4 /home/gudk/phpprj/lswoole/vendor/illuminate/container/BoundMethod.php(39): Illuminate\Container\BoundMethod::callBoundMethod()
#5 /home/gudk/phpprj/lswoole/vendor/illuminate/container/Container.php(596): Illuminate\Container\BoundMethod::call()
#6 /home/gudk/phpprj/lswoole/vendor/laravel/lumen-framework/src/Concerns/RoutesRequests.php(300): Illuminate\Container\Container->call()
#7 /home/gudk/phpprj/lswoole/vendor/laravel/lumen-framework/src/Concerns/RoutesRequests.php(265): Laravel\Lumen\Application->callActionOnArrayBasedRoute()
#8 /home/gudk/phpprj/lswoole/vendor/laravel/lumen-framework/src/Concerns/RoutesRequests.php(166): Laravel\Lumen\Application->handleFoundRoute()
#9 /home/gudk/phpprj/lswoole/vendor/laravel/lumen-framework/src/Concerns/RoutesRequests.php(427): Laravel\Lumen\Application->Laravel\Lumen\Concerns\{closure}()
#10 /home/gudk/phpprj/lswoole/vendor/laravel/lumen-framework/src/Concerns/RoutesRequests.php(172): Laravel\Lumen\Application->sendThroughPipeline()
#11 /home/gudk/phpprj/lswoole/vendor/laravel/lumen-framework/src/Concerns/RoutesRequests.php(92): Laravel\Lumen\Application->dispatch()
#12 /home/gudk/phpprj/lswoole/src/LSwooleServer.php(106): Laravel\Lumen\Application->handle()
#13 {main} {"exception":"[object] (Error(code: 0): Call to undefined function session() at /home/gudk/phpprj/lswoole/tests/TestLSwooleServiceProvider.php:42)
[stacktrace]
#0 [internal function]: TestLSwooleServiceProvider->{closure}()
#1 /home/gudk/phpprj/lswoole/vendor/illuminate/container/BoundMethod.php(37): call_user_func_array()
#2 /home/gudk/phpprj/lswoole/vendor/illuminate/container/Util.php(37): Illuminate\\Container\\BoundMethod::Illuminate\\Container\\{closure}()
#3 /home/gudk/phpprj/lswoole/vendor/illuminate/container/BoundMethod.php(83): Illuminate\\Container\\Util::unwrapIfClosure()
#4 /home/gudk/phpprj/lswoole/vendor/illuminate/container/BoundMethod.php(39): Illuminate\\Container\\BoundMethod::callBoundMethod()
#5 /home/gudk/phpprj/lswoole/vendor/illuminate/container/Container.php(596): Illuminate\\Container\\BoundMethod::call()
#6 /home/gudk/phpprj/lswoole/vendor/laravel/lumen-framework/src/Concerns/RoutesRequests.php(300): Illuminate\\Container\\Container->call()
#7 /home/gudk/phpprj/lswoole/vendor/laravel/lumen-framework/src/Concerns/RoutesRequests.php(265): Laravel\\Lumen\\Application->callActionOnArrayBasedRoute()
#8 /home/gudk/phpprj/lswoole/vendor/laravel/lumen-framework/src/Concerns/RoutesRequests.php(166): Laravel\\Lumen\\Application->handleFoundRoute()
#9 /home/gudk/phpprj/lswoole/vendor/laravel/lumen-framework/src/Concerns/RoutesRequests.php(427): Laravel\\Lumen\\Application->Laravel\\Lumen\\Concerns\\{closure}()
#10 /home/gudk/phpprj/lswoole/vendor/laravel/lumen-framework/src/Concerns/RoutesRequests.php(172): Laravel\\Lumen\\Application->sendThroughPipeline()
#11 /home/gudk/phpprj/lswoole/vendor/laravel/lumen-framework/src/Concerns/RoutesRequests.php(92): Laravel\\Lumen\\Application->dispatch()
#12 /home/gudk/phpprj/lswoole/src/LSwooleServer.php(106): Laravel\\Lumen\\Application->handle()
#13 {main}
"} 
[2020-08-17 19:57:50] production.ERROR: Error: Call to undefined function session() in /home/gudk/phpprj/lswoole/tests/TestLSwooleServiceProvider.php:42
Stack trace:
#0 [internal function]: TestLSwooleServiceProvider->{closure}()
#1 /home/gudk/phpprj/lswoole/vendor/illuminate/container/BoundMethod.php(37): call_user_func_array()
#2 /home/gudk/phpprj/lswoole/vendor/illuminate/container/Util.php(37): Illuminate\Container\BoundMethod::Illuminate\Container\{closure}()
#3 /home/gudk/phpprj/lswoole/vendor/illuminate/container/BoundMethod.php(83): Illuminate\Container\Util::unwrapIfClosure()
#4 /home/gudk/phpprj/lswoole/vendor/illuminate/container/BoundMethod.php(39): Illuminate\Container\BoundMethod::callBoundMethod()
#5 /home/gudk/phpprj/lswoole/vendor/illuminate/container/Container.php(596): Illuminate\Container\BoundMethod::call()
#6 /home/gudk/phpprj/lswoole/vendor/laravel/lumen-framework/src/Concerns/RoutesRequests.php(300): Illuminate\Container\Container->call()
#7 /home/gudk/phpprj/lswoole/vendor/laravel/lumen-framework/src/Concerns/RoutesRequests.php(265): Laravel\Lumen\Application->callActionOnArrayBasedRoute()
#8 /home/gudk/phpprj/lswoole/vendor/laravel/lumen-framework/src/Concerns/RoutesRequests.php(166): Laravel\Lumen\Application->handleFoundRoute()
#9 /home/gudk/phpprj/lswoole/vendor/laravel/lumen-framework/src/Concerns/RoutesRequests.php(427): Laravel\Lumen\Application->Laravel\Lumen\Concerns\{closure}()
#10 /home/gudk/phpprj/lswoole/vendor/laravel/lumen-framework/src/Concerns/RoutesRequests.php(172): Laravel\Lumen\Application->sendThroughPipeline()
#11 /home/gudk/phpprj/lswoole/vendor/laravel/lumen-framework/src/Concerns/RoutesRequests.php(92): Laravel\Lumen\Application->dispatch()
#12 /home/gudk/phpprj/lswoole/src/LSwooleServer.php(106): Laravel\Lumen\Application->handle()
#13 {main} {"exception":"[object] (Error(code: 0): Call to undefined function session() at /home/gudk/phpprj/lswoole/tests/TestLSwooleServiceProvider.php:42)
[stacktrace]
#0 [internal function]: TestLSwooleServiceProvider->{closure}()
#1 /home/gudk/phpprj/lswoole/vendor/illuminate/container/BoundMethod.php(37): call_user_func_array()
#2 /home/gudk/phpprj/lswoole/vendor/illuminate/container/Util.php(37): Illuminate\\Container\\BoundMethod::Illuminate\\Container\\{closure}()
#3 /home/gudk/phpprj/lswoole/vendor/illuminate/container/BoundMethod.php(83): Illuminate\\Container\\Util::unwrapIfClosure()
#4 /home/gudk/phpprj/lswoole/vendor/illuminate/container/BoundMethod.php(39): Illuminate\\Container\\BoundMethod::callBoundMethod()
#5 /home/gudk/phpprj/lswoole/vendor/illuminate/container/Container.php(596): Illuminate\\Container\\BoundMethod::call()
#6 /home/gudk/phpprj/lswoole/vendor/laravel/lumen-framework/src/Concerns/RoutesRequests.php(300): Illuminate\\Container\\Container->call()
#7 /home/gudk/phpprj/lswoole/vendor/laravel/lumen-framework/src/Concerns/RoutesRequests.php(265): Laravel\\Lumen\\Application->callActionOnArrayBasedRoute()
#8 /home/gudk/phpprj/lswoole/vendor/laravel/lumen-framework/src/Concerns/RoutesRequests.php(166): Laravel\\Lumen\\Application->handleFoundRoute()
#9 /home/gudk/phpprj/lswoole/vendor/laravel/lumen-framework/src/Concerns/RoutesRequests.php(427): Laravel\\Lumen\\Application->Laravel\\Lumen\\Concerns\\{closure}()
#10 /home/gudk/phpprj/lswoole/vendor/laravel/lumen-framework/src/Concerns/RoutesRequests.php(172): Laravel\\Lumen\\Application->sendThroughPipeline()
#11 /home/gudk/phpprj/lswoole/vendor/laravel/lumen-framework/src/Concerns/RoutesRequests.php(92): Laravel\\Lumen\\Application->dispatch()
#12 /home/gudk/phpprj/lswoole/src/LSwooleServer.php(106): Laravel\\Lumen\\Application->handle()
#13 {main}
"} 
[2020-08-17 19:59:58] production.ERROR: RuntimeException: Session store not set on request. in /home/gudk/phpprj/lswoole/vendor/illuminate/http/Request.php:482
Stack trace:
#0 /home/gudk/phpprj/lswoole/tests/TestLSwooleServiceProvider.php(42): Illuminate\Http\Request->session()
#1 [internal function]: TestLSwooleServiceProvider->{closure}()
#2 /home/gudk/phpprj/lswoole/vendor/illuminate/container/BoundMethod.php(37): call_user_func_array()
#3 /home/gudk/phpprj/lswoole/vendor/illuminate/container/Util.php(37): Illuminate\Container\BoundMethod::Illuminate\Container\{closure}()
#4 /home/gudk/phpprj/lswoole/vendor/illuminate/container/BoundMethod.php(83): Illuminate\Container\Util::unwrapIfClosure()
#5 /home/gudk/phpprj/lswoole/vendor/illuminate/container/BoundMethod.php(39): Illuminate\Container\BoundMethod::callBoundMethod()
#6 /home/gudk/phpprj/lswoole/vendor/illuminate/container/Container.php(596): Illuminate\Container\BoundMethod::call()
#7 /home/gudk/phpprj/lswoole/vendor/laravel/lumen-framework/src/Concerns/RoutesRequests.php(300): Illuminate\Container\Container->call()
#8 /home/gudk/phpprj/lswoole/vendor/laravel/lumen-framework/src/Concerns/RoutesRequests.php(265): Laravel\Lumen\Application->callActionOnArrayBasedRoute()
#9 /home/gudk/phpprj/lswoole/vendor/laravel/lumen-framework/src/Concerns/RoutesRequests.php(166): Laravel\Lumen\Application->handleFoundRoute()
#10 /home/gudk/phpprj/lswoole/vendor/laravel/lumen-framework/src/Concerns/RoutesRequests.php(427): Laravel\Lumen\Application->Laravel\Lumen\Concerns\{closure}()
#11 /home/gudk/phpprj/lswoole/vendor/laravel/lumen-framework/src/Concerns/RoutesRequests.php(172): Laravel\Lumen\Application->sendThroughPipeline()
#12 /home/gudk/phpprj/lswoole/vendor/laravel/lumen-framework/src/Concerns/RoutesRequests.php(92): Laravel\Lumen\Application->dispatch()
#13 /home/gudk/phpprj/lswoole/src/LSwooleServer.php(106): Laravel\Lumen\Application->handle()
#14 {main} {"exception":"[object] (RuntimeException(code: 0): Session store not set on request. at /home/gudk/phpprj/lswoole/vendor/illuminate/http/Request.php:482)
[stacktrace]
#0 /home/gudk/phpprj/lswoole/tests/TestLSwooleServiceProvider.php(42): Illuminate\\Http\\Request->session()
#1 [internal function]: TestLSwooleServiceProvider->{closure}()
#2 /home/gudk/phpprj/lswoole/vendor/illuminate/container/BoundMethod.php(37): call_user_func_array()
#3 /home/gudk/phpprj/lswoole/vendor/illuminate/container/Util.php(37): Illuminate\\Container\\BoundMethod::Illuminate\\Container\\{closure}()
#4 /home/gudk/phpprj/lswoole/vendor/illuminate/container/BoundMethod.php(83): Illuminate\\Container\\Util::unwrapIfClosure()
#5 /home/gudk/phpprj/lswoole/vendor/illuminate/container/BoundMethod.php(39): Illuminate\\Container\\BoundMethod::callBoundMethod()
#6 /home/gudk/phpprj/lswoole/vendor/illuminate/container/Container.php(596): Illuminate\\Container\\BoundMethod::call()
#7 /home/gudk/phpprj/lswoole/vendor/laravel/lumen-framework/src/Concerns/RoutesRequests.php(300): Illuminate\\Container\\Container->call()
#8 /home/gudk/phpprj/lswoole/vendor/laravel/lumen-framework/src/Concerns/RoutesRequests.php(265): Laravel\\Lumen\\Application->callActionOnArrayBasedRoute()
#9 /home/gudk/phpprj/lswoole/vendor/laravel/lumen-framework/src/Concerns/RoutesRequests.php(166): Laravel\\Lumen\\Application->handleFoundRoute()
#10 /home/gudk/phpprj/lswoole/vendor/laravel/lumen-framework/src/Concerns/RoutesRequests.php(427): Laravel\\Lumen\\Application->Laravel\\Lumen\\Concerns\\{closure}()
#11 /home/gudk/phpprj/lswoole/vendor/laravel/lumen-framework/src/Concerns/RoutesRequests.php(172): Laravel\\Lumen\\Application->sendThroughPipeline()
#12 /home/gudk/phpprj/lswoole/vendor/laravel/lumen-framework/src/Concerns/RoutesRequests.php(92): Laravel\\Lumen\\Application->dispatch()
#13 /home/gudk/phpprj/lswoole/src/LSwooleServer.php(106): Laravel\\Lumen\\Application->handle()
#14 {main}
"} 
